VirtualBox VM 5.2.8 r121009 win.amd64 (Feb 26 2018 15:44:39) release log
00:00:02.728804 Log opened 2018-03-16T18:21:41.048946700Z
00:00:02.728806 Build Type: release
00:00:02.728808 OS Product: Windows 10
00:00:02.728810 OS Release: 10.0.16299
00:00:02.728810 OS Service Pack: 
00:00:02.855736 DMI Product Name: HP Notebook
00:00:02.858840 DMI Product Version: Type1ProductConfigId
00:00:02.858850 Host RAM: 16299MB (15.9GB) total, 11732MB (11.4GB) available
00:00:02.858853 Executable: C:\Program Files\Oracle\VirtualBox\VirtualBox.exe
00:00:02.858854 Process ID: 2672
00:00:02.858854 Package type: WINDOWS_64BITS_GENERIC
00:00:02.859956 Installed Extension Packs:
00:00:02.859985   None installed!
00:00:02.860470 Console: Machine state changed to 'Starting'
00:00:02.860920 Qt version: 5.6.2
00:00:02.862779 GUI: UIMediumEnumerator: Medium-enumeration finished!
00:00:03.054996 SUP: Loaded VMMR0.r0 (C:\Program Files\Oracle\VirtualBox\VMMR0.r0) at 0xXXXXXXXXXXXXXXXX - ModuleInit at XXXXXXXXXXXXXXXX and ModuleTerm at XXXXXXXXXXXXXXXX using the native ring-0 loader
00:00:03.055010 SUP: VMMR0EntryEx located at XXXXXXXXXXXXXXXX and VMMR0EntryFast at XXXXXXXXXXXXXXXX
00:00:03.055013 SUP: windbg> .reload /f C:\Program Files\Oracle\VirtualBox\VMMR0.r0=0xXXXXXXXXXXXXXXXX
00:00:03.057988 Guest OS type: 'Windows7'
00:00:03.060566 File system of 'C:\Users\leshy\VirtualBox VMs\SQL Machine\Snapshots' (snapshots) is unknown
00:00:03.060574 File system of 'C:\Users\leshy\VirtualBox VMs\SQL Machine\SQL Machine.vdi' is ntfs
00:00:03.085871 Shared clipboard service loaded
00:00:03.085879 Shared clipboard mode: Off
00:00:03.098957 Drag and drop service loaded
00:00:03.098965 Drag and drop mode: Off
00:00:03.132753 Guest Control service loaded
00:00:03.133455 ************************* CFGM dump *************************
00:00:03.133456 [/] (level 0)
00:00:03.133459   CSAMEnabled       <integer> = 0x0000000000000001 (1)
00:00:03.133460   CpuExecutionCap   <integer> = 0x0000000000000064 (100)
00:00:03.133461   EnablePAE         <integer> = 0x0000000000000000 (0)
00:00:03.133462   HMEnabled         <integer> = 0x0000000000000001 (1)
00:00:03.133462   MemBalloonSize    <integer> = 0x0000000000000000 (0)
00:00:03.133463   Name              <string>  = "SQL Machine" (cb=12)
00:00:03.133464   NumCPUs           <integer> = 0x0000000000000001 (1)
00:00:03.133465   PATMEnabled       <integer> = 0x0000000000000001 (1)
00:00:03.133465   PageFusionAllowed <integer> = 0x0000000000000000 (0)
00:00:03.133466   RamHoleSize       <integer> = 0x0000000020000000 (536 870 912, 512 MB)
00:00:03.133467   RamSize           <integer> = 0x0000000040000000 (1 073 741 824, 1 024 MB)
00:00:03.133469   RawR0Enabled      <integer> = 0x0000000000000001 (1)
00:00:03.133469   RawR3Enabled      <integer> = 0x0000000000000001 (1)
00:00:03.133470   TimerMillies      <integer> = 0x000000000000000a (10)
00:00:03.133470   UUID              <bytes>   = "2b 3f 8b b3 0b c2 04 43 8c cc 81 08 c8 97 1a de" (cb=16)
00:00:03.133484 
00:00:03.133484 [/CPUM/] (level 1)
00:00:03.133485   GuestCpuName       <string>  = "host" (cb=5)
00:00:03.133486   PortableCpuIdLevel <integer> = 0x0000000000000000 (0)
00:00:03.133486   SpecCtrl           <integer> = 0x0000000000000000 (0)
00:00:03.133487 
00:00:03.133487 [/DBGC/] (level 1)
00:00:03.133488   GlobalInitScript <string>  = "C:\Users\leshy\.VirtualBox/dbgc-init" (cb=37)
00:00:03.133489   HistoryFile      <string>  = "C:\Users\leshy\.VirtualBox/dbgc-history" (cb=40)
00:00:03.133489   LocalInitScript  <string>  = "C:\Users\leshy\VirtualBox VMs\SQL Machine/dbgc-init" (cb=52)
00:00:03.133490 
00:00:03.133490 [/DBGF/] (level 1)
00:00:03.133491   Path <string>  = "C:\Users\leshy\VirtualBox VMs\SQL Machine/debug/;C:\Users\leshy\VirtualBox VMs\SQL Machine/;C:\Users\leshy\" (cb=108)
00:00:03.133491 
00:00:03.133491 [/Devices/] (level 1)
00:00:03.133492 
00:00:03.133492 [/Devices/8237A/] (level 2)
00:00:03.133493 
00:00:03.133493 [/Devices/8237A/0/] (level 3)
00:00:03.133494   Trusted <integer> = 0x0000000000000001 (1)
00:00:03.133495 
00:00:03.133495 [/Devices/GIMDev/] (level 2)
00:00:03.133495 
00:00:03.133496 [/Devices/GIMDev/0/] (level 3)
00:00:03.133496   Trusted <integer> = 0x0000000000000001 (1)
00:00:03.133497 
00:00:03.133497 [/Devices/VMMDev/] (level 2)
00:00:03.133498 
00:00:03.133498 [/Devices/VMMDev/0/] (level 3)
00:00:03.133499   PCIBusNo      <integer> = 0x0000000000000000 (0)
00:00:03.133500   PCIDeviceNo   <integer> = 0x0000000000000004 (4)
00:00:03.133500   PCIFunctionNo <integer> = 0x0000000000000000 (0)
00:00:03.133501   Trusted       <integer> = 0x0000000000000001 (1)
00:00:03.133501 
00:00:03.133501 [/Devices/VMMDev/0/Config/] (level 4)
00:00:03.133502   GuestCoreDumpDir <string>  = "C:\Users\leshy\VirtualBox VMs\SQL Machine\Snapshots" (cb=52)
00:00:03.133503 
00:00:03.133503 [/Devices/VMMDev/0/LUN#0/] (level 4)
00:00:03.133504   Driver <string>  = "HGCM" (cb=5)
00:00:03.133504 
00:00:03.133505 [/Devices/VMMDev/0/LUN#0/Config/] (level 5)
00:00:03.133505   Object <integer> = 0x000000000679cf20 (108 646 176)
00:00:03.133506 
00:00:03.133507 [/Devices/VMMDev/0/LUN#999/] (level 4)
00:00:03.133507   Driver <string>  = "MainStatus" (cb=11)
00:00:03.133508 
00:00:03.133508 [/Devices/VMMDev/0/LUN#999/Config/] (level 5)
00:00:03.133509   First   <integer> = 0x0000000000000000 (0)
00:00:03.133510   Last    <integer> = 0x0000000000000000 (0)
00:00:03.133510   papLeds <integer> = 0x0000000003f56ff0 (66 416 624)
00:00:03.133511 
00:00:03.133511 [/Devices/acpi/] (level 2)
00:00:03.133512 
00:00:03.133512 [/Devices/acpi/0/] (level 3)
00:00:03.133513   PCIBusNo      <integer> = 0x0000000000000000 (0)
00:00:03.133513   PCIDeviceNo   <integer> = 0x0000000000000007 (7)
00:00:03.133514   PCIFunctionNo <integer> = 0x0000000000000000 (0)
00:00:03.133514   Trusted       <integer> = 0x0000000000000001 (1)
00:00:03.133515 
00:00:03.133515 [/Devices/acpi/0/Config/] (level 4)
00:00:03.133516   CpuHotPlug          <integer> = 0x0000000000000000 (0)
00:00:03.133517   FdcEnabled          <integer> = 0x0000000000000000 (0)
00:00:03.133517   HostBusPciAddress   <integer> = 0x0000000000000000 (0)
00:00:03.133518   HpetEnabled         <integer> = 0x0000000000000000 (0)
00:00:03.133518   IOAPIC              <integer> = 0x0000000000000000 (0)
00:00:03.133519   IocPciAddress       <integer> = 0x0000000000010000 (65 536)
00:00:03.133520   NumCPUs             <integer> = 0x0000000000000001 (1)
00:00:03.133520   Parallel0IoPortBase <integer> = 0x0000000000000000 (0)
00:00:03.133521   Parallel0Irq        <integer> = 0x0000000000000000 (0)
00:00:03.133521   Parallel1IoPortBase <integer> = 0x0000000000000000 (0)
00:00:03.133522   Parallel1Irq        <integer> = 0x0000000000000000 (0)
00:00:03.133522   Serial0IoPortBase   <integer> = 0x0000000000000000 (0)
00:00:03.133523   Serial0Irq          <integer> = 0x0000000000000000 (0)
00:00:03.133523   Serial1IoPortBase   <integer> = 0x0000000000000000 (0)
00:00:03.133524   Serial1Irq          <integer> = 0x0000000000000000 (0)
00:00:03.133524   ShowCpu             <integer> = 0x0000000000000000 (0)
00:00:03.133525   ShowRtc             <integer> = 0x0000000000000000 (0)
00:00:03.133525   SmcEnabled          <integer> = 0x0000000000000000 (0)
00:00:03.133526 
00:00:03.133526 [/Devices/acpi/0/LUN#0/] (level 4)
00:00:03.133527   Driver <string>  = "ACPIHost" (cb=9)
00:00:03.133527 
00:00:03.133527 [/Devices/acpi/0/LUN#0/Config/] (level 5)
00:00:03.133528 
00:00:03.133528 [/Devices/ahci/] (level 2)
00:00:03.133529 
00:00:03.133529 [/Devices/ahci/0/] (level 3)
00:00:03.133530   PCIBusNo      <integer> = 0x0000000000000000 (0)
00:00:03.133531   PCIDeviceNo   <integer> = 0x000000000000000d (13)
00:00:03.133531   PCIFunctionNo <integer> = 0x0000000000000000 (0)
00:00:03.133532   Trusted       <integer> = 0x0000000000000001 (1)
00:00:03.133532 
00:00:03.133532 [/Devices/ahci/0/Config/] (level 4)
00:00:03.133533   Bootable  <integer> = 0x0000000000000001 (1)
00:00:03.133534   PortCount <integer> = 0x0000000000000002 (2)
00:00:03.133534 
00:00:03.133534 [/Devices/ahci/0/Config/Port0/] (level 5)
00:00:03.133535   Hotpluggable <integer> = 0x0000000000000000 (0)
00:00:03.133536 
00:00:03.133536 [/Devices/ahci/0/Config/Port1/] (level 5)
00:00:03.133537   Hotpluggable <integer> = 0x0000000000000000 (0)
00:00:03.133537 
00:00:03.133537 [/Devices/ahci/0/LUN#0/] (level 4)
00:00:03.133538   Driver <string>  = "VD" (cb=3)
00:00:03.133539 
00:00:03.133539 [/Devices/ahci/0/LUN#0/Config/] (level 5)
00:00:03.133540   BlockCache <integer> = 0x0000000000000001 (1)
00:00:03.133541   Format     <string>  = "VDI" (cb=4)
00:00:03.133541   Mountable  <integer> = 0x0000000000000000 (0)
00:00:03.133542   Path       <string>  = "C:\Users\leshy\VirtualBox VMs\SQL Machine\SQL Machine.vdi" (cb=58)
00:00:03.133542   Type       <string>  = "HardDisk" (cb=9)
00:00:03.133543   UseNewIo   <integer> = 0x0000000000000001 (1)
00:00:03.133543 
00:00:03.133544 [/Devices/ahci/0/LUN#1/] (level 4)
00:00:03.133544   Driver <string>  = "SCSI" (cb=5)
00:00:03.133545 
00:00:03.133545 [/Devices/ahci/0/LUN#1/AttachedDriver/] (level 5)
00:00:03.133546   Driver <string>  = "HostDVD" (cb=8)
00:00:03.133546 
00:00:03.133547 [/Devices/ahci/0/LUN#1/AttachedDriver/Config/] (level 6)
00:00:03.133548   Passthrough <integer> = 0x0000000000000000 (0)
00:00:03.133548   Path        <string>  = "E:" (cb=3)
00:00:03.133548 
00:00:03.133549 [/Devices/ahci/0/LUN#999/] (level 4)
00:00:03.133549   Driver <string>  = "MainStatus" (cb=11)
00:00:03.133550 
00:00:03.133550 [/Devices/ahci/0/LUN#999/Config/] (level 5)
00:00:03.133551   DeviceInstance        <string>  = "ahci/0" (cb=7)
00:00:03.133552   First                 <integer> = 0x0000000000000000 (0)
00:00:03.133552   Last                  <integer> = 0x0000000000000001 (1)
00:00:03.133553   pConsole              <integer> = 0x0000000003f567e0 (66 414 560)
00:00:03.133554   papLeds               <integer> = 0x0000000003f56bf0 (66 415 600)
00:00:03.133555   pmapMediumAttachments <integer> = 0x0000000003f57010 (66 416 656)
00:00:03.133556 
00:00:03.133556 [/Devices/apic/] (level 2)
00:00:03.133556 
00:00:03.133556 [/Devices/apic/0/] (level 3)
00:00:03.133557   Trusted <integer> = 0x0000000000000001 (1)
00:00:03.133558 
00:00:03.133558 [/Devices/apic/0/Config/] (level 4)
00:00:03.133559   IOAPIC  <integer> = 0x0000000000000000 (0)
00:00:03.133559   Mode    <integer> = 0x0000000000000002 (2)
00:00:03.133560   NumCPUs <integer> = 0x0000000000000001 (1)
00:00:03.133560 
00:00:03.133560 [/Devices/e1000/] (level 2)
00:00:03.133561 
00:00:03.133561 [/Devices/e1000/0/] (level 3)
00:00:03.133562   PCIBusNo      <integer> = 0x0000000000000000 (0)
00:00:03.133562   PCIDeviceNo   <integer> = 0x0000000000000003 (3)
00:00:03.133563   PCIFunctionNo <integer> = 0x0000000000000000 (0)
00:00:03.133563   Trusted       <integer> = 0x0000000000000001 (1)
00:00:03.133564 
00:00:03.133564 [/Devices/e1000/0/Config/] (level 4)
00:00:03.133565   AdapterType    <integer> = 0x0000000000000000 (0)
00:00:03.133565   CableConnected <integer> = 0x0000000000000001 (1)
00:00:03.133566   LineSpeed      <integer> = 0x0000000000000000 (0)
00:00:03.133566   MAC            <bytes>   = "08 00 27 3d 2b 4d" (cb=6)
00:00:03.133567 
00:00:03.133568 [/Devices/e1000/0/LUN#0/] (level 4)
00:00:03.133568   Driver <string>  = "NAT" (cb=4)
00:00:03.133569 
00:00:03.133569 [/Devices/e1000/0/LUN#0/Config/] (level 5)
00:00:03.133570   AliasMode       <integer> = 0x0000000000000000 (0)
00:00:03.133571   BootFile        <string>  = "SQL Machine.pxe" (cb=16)
00:00:03.133571   DNSProxy        <integer> = 0x0000000000000000 (0)
00:00:03.133572   Network         <string>  = "10.0.2.0/24" (cb=12)
00:00:03.133572   PassDomain      <integer> = 0x0000000000000001 (1)
00:00:03.133573   TFTPPrefix      <string>  = "C:\Users\leshy\.VirtualBox\TFTP" (cb=32)
00:00:03.133574   UseHostResolver <integer> = 0x0000000000000000 (0)
00:00:03.133574 
00:00:03.133574 [/Devices/e1000/0/LUN#999/] (level 4)
00:00:03.133575   Driver <string>  = "MainStatus" (cb=11)
00:00:03.133576 
00:00:03.133576 [/Devices/e1000/0/LUN#999/Config/] (level 5)
00:00:03.133577   First   <integer> = 0x0000000000000000 (0)
00:00:03.133577   Last    <integer> = 0x0000000000000000 (0)
00:00:03.133578   papLeds <integer> = 0x0000000003f56ed0 (66 416 336)
00:00:03.133578 
00:00:03.133579 [/Devices/hda/] (level 2)
00:00:03.133579 
00:00:03.133579 [/Devices/hda/0/] (level 3)
00:00:03.133580   PCIBusNo      <integer> = 0x0000000000000000 (0)
00:00:03.133581   PCIDeviceNo   <integer> = 0x0000000000000005 (5)
00:00:03.133581   PCIFunctionNo <integer> = 0x0000000000000000 (0)
00:00:03.133581   Trusted       <integer> = 0x0000000000000001 (1)
00:00:03.133582 
00:00:03.133582 [/Devices/hda/0/AudioConfig/] (level 4)
00:00:03.133583 
00:00:03.133583 [/Devices/hda/0/Config/] (level 4)
00:00:03.133584   DebugEnabled <integer> = 0x0000000000000000 (0)
00:00:03.133584   DebugPathOut <string>  = "" (cb=1)
00:00:03.133585 
00:00:03.133585 [/Devices/hda/0/LUN#0/] (level 4)
00:00:03.133586   Driver <string>  = "AUDIO" (cb=6)
00:00:03.133586 
00:00:03.133586 [/Devices/hda/0/LUN#0/AttachedDriver/] (level 5)
00:00:03.133587   Driver <string>  = "DSoundAudio" (cb=12)
00:00:03.133588 
00:00:03.133588 [/Devices/hda/0/LUN#0/AttachedDriver/Config/] (level 6)
00:00:03.133589   StreamName <string>  = "SQL Machine" (cb=12)
00:00:03.133590 
00:00:03.133590 [/Devices/hda/0/LUN#0/Config/] (level 5)
00:00:03.133591   DebugEnabled  <integer> = 0x0000000000000000 (0)
00:00:03.133591   DebugPathOut  <string>  = "" (cb=1)
00:00:03.133592   DriverName    <string>  = "DSoundAudio" (cb=12)
00:00:03.133592   InputEnabled  <integer> = 0x0000000000000000 (0)
00:00:03.133593   OutputEnabled <integer> = 0x0000000000000001 (1)
00:00:03.133593 
00:00:03.133594 [/Devices/hda/0/LUN#1/] (level 4)
00:00:03.133594   Driver <string>  = "AUDIO" (cb=6)
00:00:03.133595 
00:00:03.133595 [/Devices/hda/0/LUN#1/AttachedDriver/] (level 5)
00:00:03.133596   Driver <string>  = "AudioVRDE" (cb=10)
00:00:03.133596 
00:00:03.133596 [/Devices/hda/0/LUN#1/AttachedDriver/Config/] (level 6)
00:00:03.133597   Object           <integer> = 0x0000000003fa8e50 (66 752 080)
00:00:03.133598   ObjectVRDPServer <integer> = 0x0000000003fad980 (66 771 328)
00:00:03.133599   StreamName       <string>  = "SQL Machine" (cb=12)
00:00:03.133599 
00:00:03.133600 [/Devices/hda/0/LUN#1/Config/] (level 5)
00:00:03.133600   DebugEnabled  <integer> = 0x0000000000000000 (0)
00:00:03.133601   DebugPathOut  <string>  = "" (cb=1)
00:00:03.133601   DriverName    <string>  = "AudioVRDE" (cb=10)
00:00:03.133602   InputEnabled  <integer> = 0x0000000000000000 (0)
00:00:03.133602   OutputEnabled <integer> = 0x0000000000000001 (1)
00:00:03.133603 
00:00:03.133603 [/Devices/i8254/] (level 2)
00:00:03.133604 
00:00:03.133604 [/Devices/i8254/0/] (level 3)
00:00:03.133605 
00:00:03.133605 [/Devices/i8254/0/Config/] (level 4)
00:00:03.133605 
00:00:03.133606 [/Devices/i8259/] (level 2)
00:00:03.133606 
00:00:03.133606 [/Devices/i8259/0/] (level 3)
00:00:03.133607   Trusted <integer> = 0x0000000000000001 (1)
00:00:03.133607 
00:00:03.133608 [/Devices/i8259/0/Config/] (level 4)
00:00:03.133608 
00:00:03.133609 [/Devices/mc146818/] (level 2)
00:00:03.133609 
00:00:03.133609 [/Devices/mc146818/0/] (level 3)
00:00:03.133610 
00:00:03.133611 [/Devices/mc146818/0/Config/] (level 4)
00:00:03.133611   UseUTC <integer> = 0x0000000000000000 (0)
00:00:03.133612 
00:00:03.133612 [/Devices/parallel/] (level 2)
00:00:03.133612 
00:00:03.133613 [/Devices/pcarch/] (level 2)
00:00:03.133613 
00:00:03.133613 [/Devices/pcarch/0/] (level 3)
00:00:03.133614   Trusted <integer> = 0x0000000000000001 (1)
00:00:03.133615 
00:00:03.133615 [/Devices/pcarch/0/Config/] (level 4)
00:00:03.133615 
00:00:03.133616 [/Devices/pcbios/] (level 2)
00:00:03.133616 
00:00:03.133616 [/Devices/pcbios/0/] (level 3)
00:00:03.133617   Trusted <integer> = 0x0000000000000001 (1)
00:00:03.133617 
00:00:03.133618 [/Devices/pcbios/0/Config/] (level 4)
00:00:03.133618   APIC               <integer> = 0x0000000000000001 (1)
00:00:03.133619   BootDevice0        <string>  = "FLOPPY" (cb=7)
00:00:03.133620   BootDevice1        <string>  = "DVD" (cb=4)
00:00:03.133620   BootDevice2        <string>  = "IDE" (cb=4)
00:00:03.133621   BootDevice3        <string>  = "NONE" (cb=5)
00:00:03.133621   FloppyDevice       <string>  = "i82078" (cb=7)
00:00:03.133622   HardDiskDevice     <string>  = "piix3ide" (cb=9)
00:00:03.133622   IOAPIC             <integer> = 0x0000000000000000 (0)
00:00:03.133623   McfgBase           <integer> = 0x0000000000000000 (0)
00:00:03.133623   McfgLength         <integer> = 0x0000000000000000 (0)
00:00:03.133624   NumCPUs            <integer> = 0x0000000000000001 (1)
00:00:03.133624   PXEDebug           <integer> = 0x0000000000000000 (0)
00:00:03.133625   SataHardDiskDevice <string>  = "ahci" (cb=5)
00:00:03.133625   SataLUN1           <integer> = 0x0000000000000000 (0)
00:00:03.133626   UUID               <bytes>   = "2b 3f 8b b3 0b c2 04 43 8c cc 81 08 c8 97 1a de" (cb=16)
00:00:03.133627 
00:00:03.133628 [/Devices/pcbios/0/Config/NetBoot/] (level 5)
00:00:03.133628 
00:00:03.133629 [/Devices/pcbios/0/Config/NetBoot/0/] (level 6)
00:00:03.133629   NIC           <integer> = 0x0000000000000000 (0)
00:00:03.133630   PCIBusNo      <integer> = 0x0000000000000000 (0)
00:00:03.133631   PCIDeviceNo   <integer> = 0x0000000000000003 (3)
00:00:03.133631   PCIFunctionNo <integer> = 0x0000000000000000 (0)
00:00:03.133632 
00:00:03.133632 [/Devices/pci/] (level 2)
00:00:03.133632 
00:00:03.133633 [/Devices/pci/0/] (level 3)
00:00:03.133633   Trusted <integer> = 0x0000000000000001 (1)
00:00:03.133634 
00:00:03.133634 [/Devices/pci/0/Config/] (level 4)
00:00:03.133635   IOAPIC <integer> = 0x0000000000000000 (0)
00:00:03.133635 
00:00:03.133635 [/Devices/pcibridge/] (level 2)
00:00:03.133636 
00:00:03.133636 [/Devices/pckbd/] (level 2)
00:00:03.133637 
00:00:03.133637 [/Devices/pckbd/0/] (level 3)
00:00:03.133637   Trusted <integer> = 0x0000000000000001 (1)
00:00:03.133638 
00:00:03.133638 [/Devices/pckbd/0/Config/] (level 4)
00:00:03.133639 
00:00:03.133639 [/Devices/pckbd/0/LUN#0/] (level 4)
00:00:03.133640   Driver <string>  = "KeyboardQueue" (cb=14)
00:00:03.133640 
00:00:03.133641 [/Devices/pckbd/0/LUN#0/AttachedDriver/] (level 5)
00:00:03.133642   Driver <string>  = "MainKeyboard" (cb=13)
00:00:03.133642 
00:00:03.133642 [/Devices/pckbd/0/LUN#0/AttachedDriver/Config/] (level 6)
00:00:03.133643   Object <integer> = 0x0000000003effdf0 (66 059 760)
00:00:03.133644 
00:00:03.133644 [/Devices/pckbd/0/LUN#0/Config/] (level 5)
00:00:03.133645   QueueSize <integer> = 0x0000000000000040 (64)
00:00:03.133645 
00:00:03.133646 [/Devices/pckbd/0/LUN#1/] (level 4)
00:00:03.133646   Driver <string>  = "MouseQueue" (cb=11)
00:00:03.133647 
00:00:03.133647 [/Devices/pckbd/0/LUN#1/AttachedDriver/] (level 5)
00:00:03.133648   Driver <string>  = "MainMouse" (cb=10)
00:00:03.133648 
00:00:03.133648 [/Devices/pckbd/0/LUN#1/AttachedDriver/Config/] (level 6)
00:00:03.133649   Object <integer> = 0x0000000003f595c0 (66 426 304)
00:00:03.133650 
00:00:03.133650 [/Devices/pckbd/0/LUN#1/Config/] (level 5)
00:00:03.133651   QueueSize <integer> = 0x0000000000000080 (128)
00:00:03.133651 
00:00:03.133652 [/Devices/pcnet/] (level 2)
00:00:03.133652 
00:00:03.133652 [/Devices/serial/] (level 2)
00:00:03.133653 
00:00:03.133653 [/Devices/usb-ohci/] (level 2)
00:00:03.133654 
00:00:03.133654 [/Devices/usb-ohci/0/] (level 3)
00:00:03.133655   PCIBusNo      <integer> = 0x0000000000000000 (0)
00:00:03.133655   PCIDeviceNo   <integer> = 0x0000000000000006 (6)
00:00:03.133656   PCIFunctionNo <integer> = 0x0000000000000000 (0)
00:00:03.133656   Trusted       <integer> = 0x0000000000000001 (1)
00:00:03.133657 
00:00:03.133657 [/Devices/usb-ohci/0/Config/] (level 4)
00:00:03.133658 
00:00:03.133658 [/Devices/usb-ohci/0/LUN#0/] (level 4)
00:00:03.133658   Driver <string>  = "VUSBRootHub" (cb=12)
00:00:03.133659 
00:00:03.133659 [/Devices/usb-ohci/0/LUN#0/Config/] (level 5)
00:00:03.133660 
00:00:03.133660 [/Devices/usb-ohci/0/LUN#999/] (level 4)
00:00:03.133661   Driver <string>  = "MainStatus" (cb=11)
00:00:03.133661 
00:00:03.133661 [/Devices/usb-ohci/0/LUN#999/Config/] (level 5)
00:00:03.133662   First   <integer> = 0x0000000000000000 (0)
00:00:03.133663   Last    <integer> = 0x0000000000000000 (0)
00:00:03.133663   papLeds <integer> = 0x0000000003f56ff8 (66 416 632)
00:00:03.133664 
00:00:03.133664 [/Devices/vga/] (level 2)
00:00:03.133665 
00:00:03.133665 [/Devices/vga/0/] (level 3)
00:00:03.133666   PCIBusNo      <integer> = 0x0000000000000000 (0)
00:00:03.133666   PCIDeviceNo   <integer> = 0x0000000000000002 (2)
00:00:03.133667   PCIFunctionNo <integer> = 0x0000000000000000 (0)
00:00:03.133667   Trusted       <integer> = 0x0000000000000001 (1)
00:00:03.133668 
00:00:03.133668 [/Devices/vga/0/Config/] (level 4)
00:00:03.133669   CustomVideoModes <integer> = 0x0000000000000000 (0)
00:00:03.133669   FadeIn           <integer> = 0x0000000000000001 (1)
00:00:03.133670   FadeOut          <integer> = 0x0000000000000001 (1)
00:00:03.133670   HeightReduction  <integer> = 0x0000000000000000 (0)
00:00:03.133671   LogoFile         <string>  = "" (cb=1)
00:00:03.133671   LogoTime         <integer> = 0x0000000000000000 (0)
00:00:03.133672   MonitorCount     <integer> = 0x0000000000000001 (1)
00:00:03.133672   ShowBootMenu     <integer> = 0x0000000000000002 (2)
00:00:03.133673   VRamSize         <integer> = 0x0000000001200000 (18 874 368, 18 MB)
00:00:03.133674 
00:00:03.133674 [/Devices/vga/0/LUN#0/] (level 4)
00:00:03.133674   Driver <string>  = "MainDisplay" (cb=12)
00:00:03.133675 
00:00:03.133675 [/Devices/vga/0/LUN#0/Config/] (level 5)
00:00:03.133676   Object <integer> = 0x0000000003faa830 (66 758 704)
00:00:03.133677 
00:00:03.133677 [/Devices/vga/0/LUN#999/] (level 4)
00:00:03.133677   Driver <string>  = "MainStatus" (cb=11)
00:00:03.133678 
00:00:03.133678 [/Devices/vga/0/LUN#999/Config/] (level 5)
00:00:03.133679   First   <integer> = 0x0000000000000000 (0)
00:00:03.133679   Last    <integer> = 0x0000000000000000 (0)
00:00:03.133680   papLeds <integer> = 0x0000000003f57008 (66 416 648)
00:00:03.133680 
00:00:03.133681 [/Devices/virtio-net/] (level 2)
00:00:03.133681 
00:00:03.133681 [/EM/] (level 1)
00:00:03.133682   TripleFaultReset <integer> = 0x0000000000000000 (0)
00:00:03.133682 
00:00:03.133683 [/GIM/] (level 1)
00:00:03.133683   Provider <string>  = "HyperV" (cb=7)
00:00:03.133684 
00:00:03.133684 [/HM/] (level 1)
00:00:03.133685   64bitEnabled       <integer> = 0x0000000000000000 (0)
00:00:03.133686   EnableLargePages   <integer> = 0x0000000000000001 (1)
00:00:03.133686   EnableNestedPaging <integer> = 0x0000000000000001 (1)
00:00:03.133687   EnableUX           <integer> = 0x0000000000000001 (1)
00:00:03.133687   EnableVPID         <integer> = 0x0000000000000001 (1)
00:00:03.133688   Exclusive          <integer> = 0x0000000000000000 (0)
00:00:03.133688   HMForced           <integer> = 0x0000000000000000 (0)
00:00:03.133689   IBPBOnVMEntry      <integer> = 0x0000000000000000 (0)
00:00:03.133689   IBPBOnVMExit       <integer> = 0x0000000000000000 (0)
00:00:03.133690   SpecCtrlByHost     <integer> = 0x0000000000000000 (0)
00:00:03.133690 
00:00:03.133691 [/MM/] (level 1)
00:00:03.133691   CanUseLargerHeap <integer> = 0x0000000000000000 (0)
00:00:03.133692 
00:00:03.133692 [/PDM/] (level 1)
00:00:03.133692 
00:00:03.133693 [/PDM/AsyncCompletion/] (level 2)
00:00:03.133693 
00:00:03.133693 [/PDM/AsyncCompletion/File/] (level 3)
00:00:03.133694 
00:00:03.133694 [/PDM/AsyncCompletion/File/BwGroups/] (level 4)
00:00:03.133695 
00:00:03.133696 [/PDM/BlkCache/] (level 2)
00:00:03.133696   CacheSize <integer> = 0x0000000000500000 (5 242 880, 5 MB)
00:00:03.133697 
00:00:03.133697 [/PDM/Devices/] (level 2)
00:00:03.133698 
00:00:03.133698 [/PDM/Drivers/] (level 2)
00:00:03.133699 
00:00:03.133699 [/PDM/Drivers/VBoxC/] (level 3)
00:00:03.133699   Path <string>  = "VBoxC" (cb=6)
00:00:03.133700 
00:00:03.133700 [/PDM/NetworkShaper/] (level 2)
00:00:03.133701 
00:00:03.133701 [/PDM/NetworkShaper/BwGroups/] (level 3)
00:00:03.133702 
00:00:03.133702 [/TM/] (level 1)
00:00:03.133702   UTCOffset <integer> = 0x0000000000000000 (0)
00:00:03.133703 
00:00:03.133703 [/USB/] (level 1)
00:00:03.133704 
00:00:03.133704 [/USB/HidMouse/] (level 2)
00:00:03.133704 
00:00:03.133704 [/USB/HidMouse/0/] (level 3)
00:00:03.133705 
00:00:03.133705 [/USB/HidMouse/0/Config/] (level 4)
00:00:03.133706   Mode <string>  = "absolute" (cb=9)
00:00:03.133707 
00:00:03.133707 [/USB/HidMouse/0/LUN#0/] (level 4)
00:00:03.133707   Driver <string>  = "MouseQueue" (cb=11)
00:00:03.133708 
00:00:03.133708 [/USB/HidMouse/0/LUN#0/AttachedDriver/] (level 5)
00:00:03.133709   Driver <string>  = "MainMouse" (cb=10)
00:00:03.133709 
00:00:03.133709 [/USB/HidMouse/0/LUN#0/AttachedDriver/Config/] (level 6)
00:00:03.133710   Object <integer> = 0x0000000003f595c0 (66 426 304)
00:00:03.133711 
00:00:03.133711 [/USB/HidMouse/0/LUN#0/Config/] (level 5)
00:00:03.133712   QueueSize <integer> = 0x0000000000000080 (128)
00:00:03.133713 
00:00:03.133713 [/USB/USBProxy/] (level 2)
00:00:03.133713 
00:00:03.133714 [/USB/USBProxy/GlobalConfig/] (level 3)
00:00:03.133714 
00:00:03.133715 ********************* End of CFGM dump **********************
00:00:03.133742 VM: fHMEnabled=true  (configured) fRecompileUser=false fRecompileSupervisor=false
00:00:03.133743 VM: fRawRing1Enabled=false CSAM=true  PATM=true 
00:00:03.133933 HM: HMR3Init: Falling back to raw-mode: VT-x is disabled in the BIOS for all CPU modes
00:00:03.134000 MM: cbHyperHeap=0x140000 (1310720)
00:00:03.136231 CPUM: fXStateHostMask=0x7; initial: 0x0; host XCR0=0x1f
00:00:03.137919 CPUM: Matched host CPU INTEL 0x6/0x8e/0x9 Intel_Core7_KabyLake with CPU DB entry 'Intel Core i7-6700K' (INTEL 0x6/0x5e/0x3 Intel_Core7_Skylake)
00:00:03.138091 CPUM: MXCSR_MASK=0xffff (host: 0xffff)
00:00:03.138143 CPUM: Microcode revision 0x00000062
00:00:03.174162 PGM: HCPhysInterPD=000000008a4ae000 HCPhysInterPaePDPT=000000008a4b1000 HCPhysInterPaePML4=000000008a4b3000
00:00:03.174174 PGM: apInterPTs={000000008a4af000,000000008a4b0000} apInterPaePTs={000000029d569000,000000029d56a000} apInterPaePDs={000000029d56b000,000000029d56c000,00000003e586d000,00000003e586e000} pInterPaePDPT64=000000008a4b2000
00:00:03.174180 PGM: Host paging mode: AMD64+NX
00:00:03.174218 PGM: PGMPool: cMaxPages=560 (u64MaxPages=545)
00:00:03.174221 PGM: pgmR3PoolInit: cMaxPages=0x230 cMaxUsers=0x460 cMaxPhysExts=0x460 fCacheEnable=true 
00:00:03.194687 TM: GIP - u32Mode=3 (Invariant) u32UpdateHz=92 u32UpdateIntervalNS=10794300 enmUseTscDelta=2 (Pratically Zero) fGetGipCpu=0xb cCpus=4
00:00:03.194723 TM: GIP - u64CpuHz=2 904 002 513 (0xad178fd1)  SUPGetCpuHzFromGip => 2 904 002 513
00:00:03.194728 TM: GIP - CPU: iCpuSet=0x0 idCpu=0x0 idApic=0x0 iGipCpu=0x3 i64TSCDelta=0 enmState=3 u64CpuHz=2904000013(*) cErrors=0
00:00:03.194892 TM: GIP - CPU: iCpuSet=0x1 idCpu=0x1 idApic=0x1 iGipCpu=0x2 i64TSCDelta=0 enmState=3 u64CpuHz=2903999454(*) cErrors=0
00:00:03.194897 TM: GIP - CPU: iCpuSet=0x2 idCpu=0x2 idApic=0x2 iGipCpu=0x1 i64TSCDelta=0 enmState=3 u64CpuHz=2903965863(*) cErrors=0
00:00:03.194900 TM: GIP - CPU: iCpuSet=0x3 idCpu=0x3 idApic=0x3 iGipCpu=0x0 i64TSCDelta=0 enmState=3 u64CpuHz=2904002513(*) cErrors=0
00:00:03.194955 TM: cTSCTicksPerSecond=2 904 002 513 (0xad178fd1) enmTSCMode=3 (Dynamic)
00:00:03.194957 TM: TSCTiedToExecution=false TSCNotTiedToHalt=false
00:00:03.195672 VMM: CoreCode: R3=000000000a9c0000 R0=XXXXXXXXXXXXXXXX RC=a0676000 Phys=000000008a453000 cb=0x1000
00:00:03.199000 IEM: TargetCpu=CURRENT, Microarch=Intel_Core7_KabyLake
00:00:03.199129 GIM: Using provider 'HyperV' (Implementation version: 0)
00:00:03.199155 GIM: HyperV: Reporting vendor as 'VBoxVBoxVBox'
00:00:03.199169 CPUM: SetGuestCpuIdFeature: Enabled Hypervisor Present bit
00:00:03.199365 AIOMgr: Default manager type is 'Async'
00:00:03.199369 AIOMgr: Default file backend is 'NonBuffered'
00:00:03.199559 BlkCache: Cache successfully initialized. Cache size is 5242880 bytes
00:00:03.199604 BlkCache: Cache commit interval is 10000 ms
00:00:03.199622 BlkCache: Cache commit threshold is 2621440 bytes
00:00:03.491550 PcBios: [SMP] BIOS with 1 CPUs
00:00:03.491630 PcBios: Using the 386+ BIOS image.
00:00:03.494654 PcBios: fCheckShutdownStatusForSoftReset=true   fClearShutdownStatusOnHardReset=true 
00:00:03.543800 SUP: Loaded VBoxDDR0.r0 (C:\Program Files\Oracle\VirtualBox\VBoxDDR0.r0) at 0xXXXXXXXXXXXXXXXX - ModuleInit at XXXXXXXXXXXXXXXX and ModuleTerm at XXXXXXXXXXXXXXXX using the native ring-0 loader
00:00:03.543816 SUP: windbg> .reload /f C:\Program Files\Oracle\VirtualBox\VBoxDDR0.r0=0xXXXXXXXXXXXXXXXX
00:00:03.544192 CPUM: SetGuestCpuIdFeature: Enabled xAPIC
00:00:03.544519 PIT: mode=3 count=0x10000 (65536) - 18.20 Hz (ch=0)
00:00:03.579281 Shared Folders service loaded
00:00:03.585047 VGA: Using the 386+ BIOS image.
00:00:03.588588 DrvVD: Flushes will be ignored
00:00:03.588597 DrvVD: Async flushes will be passed to the disk
00:00:03.590503 VD: VDInit finished with VINF_SUCCESS
00:00:03.591050 AIOMgr: Endpoint for file 'C:\Users\leshy\VirtualBox VMs\SQL Machine\SQL Machine.vdi' (flags 000c0723) created successfully
00:00:03.607956 VD: Opening the disk took 17822835 ns
00:00:03.608139 AHCI: LUN#0: disk, PCHS=16383/16/63, total number of sectors 67108864
00:00:03.610958 AHCI: LUN#1: CD/DVD
00:00:03.611211 AHCI#0: Reset the HBA
00:00:03.611219 VD#0: Cancelling all active requests
00:00:03.611311 E1000#0 Chip=82540EM LinkUpDelay=3000ms EthernetCRC=on GSO=enabled Itr=disabled ItrRx=enabled TID=disabled R0=enabled GC=enabled
00:00:03.650880 NAT: Guest address guess set to 10.0.2.15 by initialization
00:00:03.674471 NAT: DNS#0: 75.75.75.75
00:00:03.674489 NAT: DNS#1: 75.75.76.76
00:00:03.675233 HDA: Asynchronous I/O enabled
00:00:03.675275 Audio: Initializing DirectSound audio driver
00:00:03.849103 DSound: Output: GUID: {2036A5EF-3F5C-40F3-8FAC-CEFF12903FD3} [Speakers (Realtek High Definition Audio)] (Module: {0.0.0.00000000}.{2036a5ef-3f5c-40f3-8fac-ceff12903fd3})
00:00:04.011196 DSound: Input: GUID: {F65E24A2-C62D-4F51-BD11-F2DE1A84E3E8} [Microphone (Realtek High Definition Audio)] (Module: {0.0.1.00000000}.{f65e24a2-c62d-4f51-bd11-f2de1a84e3e8})
00:00:04.011641 Audio: Initializing VRDE driver
00:00:04.011899 HDA: Codec reset
00:00:04.011938 HDA: Reset
00:00:04.012397 GIMDev: Registered Hyper-V hypercall page
00:00:04.012447 GIMDev: Registered Hyper-V TSC page
00:00:04.012822 VUSB: Attached 'HidMouse' to port 1 on RootHub#0 (FullSpeed)
00:00:04.012881 PGM: The CPU physical address width is 39 bits
00:00:04.012886 PGM: PGMR3InitFinalize: 4 MB PSE mask 0000007fffffffff
00:00:04.013022 TM: TMR3InitFinalize: fTSCModeSwitchAllowed=false
00:00:04.032136 VMM: Thread-context hooks unavailable
00:00:04.032154 VMM: fUsePeriodicPreemptionTimers=false
00:00:04.032211 CPUM: Logical host processors: 4 present, 4 max, 4 online, online mask: 000000000000000f
00:00:04.032213 CPUM: Physical host cores: 2
00:00:04.032213 ************************* CPUID dump ************************
00:00:04.032239          Raw Standard CPUID Leaves
00:00:04.032239      Leaf/sub-leaf  eax      ebx      ecx      edx
00:00:04.032250 Gst: 00000000/0000  00000016 756e6547 6c65746e 49656e69
00:00:04.032252 Hst:                00000016 756e6547 6c65746e 49656e69
00:00:04.032253 Gst: 00000001/0000  000806e9 00000800 801a0209 078bf3bf
00:00:04.032254 Hst:                000806e9 03100800 7ffafbbf bfebfbff
00:00:04.032255 Gst: 00000002/0000  76036301 00f0b5ff 00000000 00c30000
00:00:04.032255 Hst:                76036301 00f0b5ff 00000000 00c30000
00:00:04.032256 Gst: 00000003/0000  00000000 00000000 00000000 00000000
00:00:04.032257 Hst:                00000000 00000000 00000000 00000000
00:00:04.032257 Gst: 00000004/0000  00000121 01c0003f 0000003f 00000000
00:00:04.032258 Hst:                1c004121 01c0003f 0000003f 00000000
00:00:04.032259 Gst: 00000004/0001  00000122 01c0003f 0000003f 00000000
00:00:04.032260 Hst:                1c004122 01c0003f 0000003f 00000000
00:00:04.032260 Gst: 00000004/0002  00000143 00c0003f 000003ff 00000000
00:00:04.032261 Hst:                1c004143 00c0003f 000003ff 00000000
00:00:04.032262 Gst: 00000004/0003  00000163 03c0003f 00000fff 00000006
00:00:04.032262 Hst:                1c03c163 03c0003f 00000fff 00000006
00:00:04.032263 Gst: 00000004/0004  00000000 00000000 00000000 00000000
00:00:04.032264 Hst:                00000000 00000000 00000000 00000000
00:00:04.032264 Gst: 00000005/0000  00000040 00000040 00000000 00000000
00:00:04.032265 Hst:                00000040 00000040 00000003 11142120
00:00:04.032266 Gst: 00000006/0000  00000000 00000000 00000000 00000000
00:00:04.032267 Hst:                000027f7 00000002 00000009 00000000
00:00:04.032267 Gst: 00000007/0000  00000000 00002401 00000000 00000000
00:00:04.032268 Hst:                00000000 029c67af 00000000 00000000
00:00:04.032268 Gst: 00000007/0001  00000000 00000000 00000000 00000000
00:00:04.032269 Hst:                00000000 00000000 00000000 00000000
00:00:04.032269 Gst: 00000008/0000  00000000 00000000 00000000 00000000
00:00:04.032270 Hst:                00000000 00000000 00000000 00000000
00:00:04.032270 Gst: 00000009/0000  00000000 00000000 00000000 00000000
00:00:04.032271 Hst:                00000000 00000000 00000000 00000000
00:00:04.032271 Gst: 0000000a/0000  00000000 00000000 00000000 00000000
00:00:04.032272 Hst:                07300404 00000000 00000000 00000603
00:00:04.032272 Gst: 0000000b/0000  00000000 00000001 00000100 00000000
00:00:04.032273 Hst:                00000001 00000002 00000100 00000003
00:00:04.032274 Gst: 0000000b/0001  00000001 00000001 00000201 00000000
00:00:04.032274 Hst:                00000004 00000004 00000201 00000003
00:00:04.032275 Gst: 0000000b/0002  00000000 00000000 00000002 00000000
00:00:04.032275 Hst:                00000000 00000000 00000002 00000003
00:00:04.032276 Gst: 0000000c/0000  00000000 00000000 00000000 00000000
00:00:04.032276 Hst:                00000000 00000000 00000000 00000000
00:00:04.032277 Gst: 0000000d/0000  00000000 00000000 00000000 00000000
00:00:04.032277 Hst:                0000001f 00000440 00000440 00000000
00:00:04.032278 Gst: 0000000d/0001  00000000 00000000 00000000 00000000
00:00:04.032278 Hst:                0000000f 00000440 00000100 00000000
00:00:04.032279 Gst: 0000000d/0002  00000000 00000000 00000000 00000000
00:00:04.032279 Hst:                00000100 00000240 00000000 00000000
00:00:04.032280 Gst: 0000000d/0003  00000000 00000000 00000000 00000000
00:00:04.032280 Hst:                00000040 000003c0 00000000 00000000
00:00:04.032281 Gst: 0000000d/0004  00000000 00000000 00000000 00000000
00:00:04.032281 Hst:                00000040 00000400 00000000 00000000
00:00:04.032282 Gst: 0000000d/0005  00000000 00000000 00000000 00000000
00:00:04.032282 Hst:                00000000 00000000 00000000 00000000
00:00:04.032283 Gst: 0000000d/0006  00000000 00000000 00000000 00000000
00:00:04.032283 Hst:                00000000 00000000 00000000 00000000
00:00:04.032284 Gst: 0000000d/0007  00000000 00000000 00000000 00000000
00:00:04.032284 Hst:                00000000 00000000 00000000 00000000
00:00:04.032285 Gst: 0000000d/0008  00000000 00000000 00000000 00000000
00:00:04.032285 Hst:                00000080 00000000 00000001 00000000
00:00:04.032286 Gst: 0000000d/0009  00000000 00000000 00000000 00000000
00:00:04.032286 Hst:                00000000 00000000 00000000 00000000
00:00:04.032303 Gst: 0000000e/0000  00000000 00000000 00000000 00000000
00:00:04.032303 Hst:                00000000 00000000 00000000 00000000
00:00:04.032304 Gst: 0000000f/0000  00000000 00000000 00000000 00000000
00:00:04.032304 Hst:                00000000 00000000 00000000 00000000
00:00:04.032305 Gst: 00000010/0000  00000000 00000000 00000000 00000000
00:00:04.032305 Hst:                00000000 00000000 00000000 00000000
00:00:04.032306 Gst: 00000011/0000  00000000 00000000 00000000 00000000
00:00:04.032307 Hst:                00000000 00000000 00000000 00000000
00:00:04.032307 Gst: 00000012/0000  00000000 00000000 00000000 00000000
00:00:04.032308 Hst:                00000000 00000000 00000000 00000000
00:00:04.032308 Gst: 00000013/0000  00000000 00000000 00000000 00000000
00:00:04.032308 Hst:                00000000 00000000 00000000 00000000
00:00:04.032309 Gst: 00000014/0000  00000000 00000000 00000000 00000000
00:00:04.032309 Hst:                00000001 0000000f 00000007 00000000
00:00:04.032310 Hst: 00000015/0000  00000002 000000f2 00000000 00000000
00:00:04.032311 Hst: 00000016/0000  00000b54 00000dac 00000064 00000000
00:00:04.032312                                Name: GenuineIntel
00:00:04.032313                            Supports: 0x00000000-0x00000016
00:00:04.032325                              Family:  6 	Extended: 0 	Effective: 6
00:00:04.032326                               Model: 14 	Extended: 8 	Effective: 142
00:00:04.032327                            Stepping: 9
00:00:04.032327                                Type: 0 (primary)
00:00:04.032328                             APIC ID: 0x00
00:00:04.032328                        Logical CPUs: 0
00:00:04.032329                        CLFLUSH Size: 8
00:00:04.032329                            Brand ID: 0x00
00:00:04.032330 Features
00:00:04.032330   Mnemonic - Description                                  = guest (host)
00:00:04.032331   FPU - x87 FPU on Chip                                   = 1 (1)
00:00:04.032332   VME - Virtual 8086 Mode Enhancements                    = 1 (1)
00:00:04.032333   DE - Debugging extensions                               = 1 (1)
00:00:04.032334   PSE - Page Size Extension                               = 1 (1)
00:00:04.032334   TSC - Time Stamp Counter                                = 1 (1)
00:00:04.032335   MSR - Model Specific Registers                          = 1 (1)
00:00:04.032336   PAE - Physical Address Extension                        = 0 (1)
00:00:04.032336   MCE - Machine Check Exception                           = 1 (1)
00:00:04.032337   CX8 - CMPXCHG8B instruction                             = 1 (1)
00:00:04.032338   APIC - APIC On-Chip                                     = 1 (1)
00:00:04.032339   SEP - SYSENTER and SYSEXIT Present                      = 0 (1)
00:00:04.032339   MTRR - Memory Type Range Registers                      = 1 (1)
00:00:04.032340   PGE - PTE Global Bit                                    = 1 (1)
00:00:04.032341   MCA - Machine Check Architecture                        = 1 (1)
00:00:04.032341   CMOV - Conditional Move instructions                    = 1 (1)
00:00:04.032342   PAT - Page Attribute Table                              = 1 (1)
00:00:04.032343   PSE-36 - 36-bit Page Size Extension                     = 1 (1)
00:00:04.032344   PSN - Processor Serial Number                           = 0 (0)
00:00:04.032344   CLFSH - CLFLUSH instruction                             = 1 (1)
00:00:04.032345   DS - Debug Store                                        = 0 (1)
00:00:04.032346   ACPI - Thermal Mon. & Soft. Clock Ctrl.                 = 0 (1)
00:00:04.032346   MMX - Intel MMX Technology                              = 1 (1)
00:00:04.032347   FXSR - FXSAVE and FXRSTOR instructions                  = 1 (1)
00:00:04.032348   SSE - SSE support                                       = 1 (1)
00:00:04.032348   SSE2 - SSE2 support                                     = 1 (1)
00:00:04.032360   SS - Self Snoop                                         = 0 (1)
00:00:04.032361   HTT - Hyper-Threading Technology                        = 0 (1)
00:00:04.032362   TM - Therm. Monitor                                     = 0 (1)
00:00:04.032362   PBE - Pending Break Enabled                             = 0 (1)
00:00:04.032363   SSE3 - SSE3 support                                     = 1 (1)
00:00:04.032364   PCLMUL - PCLMULQDQ support (for AES-GCM)                = 0 (1)
00:00:04.032365   DTES64 - DS Area 64-bit Layout                          = 0 (1)
00:00:04.032365   MONITOR - MONITOR/MWAIT instructions                    = 1 (1)
00:00:04.032366   CPL-DS - CPL Qualified Debug Store                      = 0 (1)
00:00:04.032367   VMX - Virtual Machine Extensions                        = 0 (1)
00:00:04.032367   SMX - Safer Mode Extensions                             = 0 (0)
00:00:04.032368   EST - Enhanced SpeedStep Technology                     = 0 (1)
00:00:04.032369   TM2 - Terminal Monitor 2                                = 0 (1)
00:00:04.032369   SSSE3 - Supplemental Streaming SIMD Extensions 3        = 1 (1)
00:00:04.032370   CNTX-ID - L1 Context ID                                 = 0 (0)
00:00:04.032371   SDBG - Silicon Debug interface                          = 0 (1)
00:00:04.032371   FMA - Fused Multiply Add extensions                     = 0 (1)
00:00:04.032372   CX16 - CMPXCHG16B instruction                           = 0 (1)
00:00:04.032373   TPRUPDATE - xTPR Update Control                         = 0 (1)
00:00:04.032373   PDCM - Perf/Debug Capability MSR                        = 0 (1)
00:00:04.032374   PCID - Process Context Identifiers                      = 1 (1)
00:00:04.032375   DCA - Direct Cache Access                               = 0 (0)
00:00:04.032375   SSE4_1 - SSE4_1 support                                 = 1 (1)
00:00:04.032376   SSE4_2 - SSE4_2 support                                 = 1 (1)
00:00:04.032377   X2APIC - x2APIC support                                 = 0 (1)
00:00:04.032378   MOVBE - MOVBE instruction                               = 0 (1)
00:00:04.032378   POPCNT - POPCNT instruction                             = 0 (1)
00:00:04.032379   TSCDEADL - Time Stamp Counter Deadline                  = 0 (1)
00:00:04.032380   AES - AES instructions                                  = 0 (1)
00:00:04.032380   XSAVE - XSAVE instruction                               = 0 (1)
00:00:04.032381   OSXSAVE - OSXSAVE instruction                           = 0 (1)
00:00:04.032382   AVX - AVX support                                       = 0 (1)
00:00:04.032383   F16C - 16-bit floating point conversion instructions    = 0 (1)
00:00:04.032383   RDRAND - RDRAND instruction                             = 0 (1)
00:00:04.032384   HVP - Hypervisor Present (we're a guest)                = 1 (0)
00:00:04.032384 Structured Extended Feature Flags Enumeration (leaf 7):
00:00:04.032385   Mnemonic - Description                                  = guest (host)
00:00:04.032385   FSGSBASE - RDFSBASE/RDGSBASE/WRFSBASE/WRGSBASE instr.   = 1 (1)
00:00:04.032386   TSCADJUST - Supports MSR_IA32_TSC_ADJUST                = 0 (1)
00:00:04.032387   SGX - Supports Software Guard Extensions                = 0 (1)
00:00:04.032387   BMI1 - Advanced Bit Manipulation extension 1            = 0 (1)
00:00:04.032388   HLE - Hardware Lock Elision                             = 0 (0)
00:00:04.032388   AVX2 - Advanced Vector Extensions 2                     = 0 (1)
00:00:04.032389   FDP_EXCPTN_ONLY - FPU DP only updated on exceptions     = 0 (0)
00:00:04.032390   SMEP - Supervisor Mode Execution Prevention             = 0 (1)
00:00:04.032390   BMI2 - Advanced Bit Manipulation extension 2            = 0 (1)
00:00:04.032391   ERMS - Enhanced REP MOVSB/STOSB instructions            = 0 (1)
00:00:04.032392   INVPCID - INVPCID instruction                           = 1 (1)
00:00:04.032392   RTM - Restricted Transactional Memory                   = 0 (0)
00:00:04.032393   PQM - Platform Quality of Service Monitoring            = 0 (0)
00:00:04.032393   DEPFPU_CS_DS - Deprecates FPU CS, FPU DS values if set  = 1 (1)
00:00:04.032394   MPE - Intel Memory Protection Extensions                = 0 (1)
00:00:04.032395   PQE - Platform Quality of Service Enforcement           = 0 (0)
00:00:04.032395   AVX512F - AVX512 Foundation instructions                = 0 (0)
00:00:04.032396   RDSEED - RDSEED instruction                             = 0 (1)
00:00:04.032397   ADX - ADCX/ADOX instructions                            = 0 (1)
00:00:04.032397   SMAP - Supervisor Mode Access Prevention                = 0 (1)
00:00:04.032398   CLFLUSHOPT - CLFLUSHOPT (Cache Line Flush) instruction  = 0 (1)
00:00:04.032398   INTEL_PT - Intel Processor Trace                        = 0 (1)
00:00:04.032399   AVX512PF - AVX512 Prefetch instructions                 = 0 (0)
00:00:04.032400   AVX512ER - AVX512 Exponential & Reciprocal instructions = 0 (0)
00:00:04.032400   AVX512CD - AVX512 Conflict Detection instructions       = 0 (0)
00:00:04.032401   SHA - Secure Hash Algorithm extensions                  = 0 (0)
00:00:04.032402   PREFETCHWT1 - PREFETCHWT1 instruction                   = 0 (0)
00:00:04.032402   UMIP - User mode insturction prevention                 = 0 (0)
00:00:04.032403   PKU - Protection Key for Usermode pages                 = 0 (0)
00:00:04.032403   OSPKE - CR4.PKU mirror                                  = 0 (0)
00:00:04.032404   MAWAU - Value used by BNDLDX & BNDSTX                   = 0x0 (0x0)
00:00:04.032405   RDPID - Read processor ID support                       = 0 (0)
00:00:04.032406   SGX_LC - Supports SGX Launch Configuration              = 0 (0)
00:00:04.032406 Processor Extended State Enumeration (leaf 0xd):
00:00:04.032407    XSAVE area cur/max size by XCR0, guest: 0x0/0x0
00:00:04.032407     XSAVE area cur/max size by XCR0, host: 0x440/0x440
00:00:04.032408                    Valid XCR0 bits, guest: 0x00000000`00000000
00:00:04.032409                     Valid XCR0 bits, host: 0x00000000`0000001f ( x87 SSE YMM_Hi128 BNDREGS BNDCSR )
00:00:04.032421                     XSAVE features, guest:
00:00:04.032422                      XSAVE features, host: XSAVEOPT XSAVEC XGETBC1 XSAVES
00:00:04.032423       XSAVE area cur size XCR0|XSS, guest: 0x0
00:00:04.032423        XSAVE area cur size XCR0|XSS, host: 0x440
00:00:04.032424                Valid IA32_XSS bits, guest: 0x00000000`00000000
00:00:04.032424                 Valid IA32_XSS bits, host: 0x00000100`00000000 ( 40 )
00:00:04.032426   State #2, host:  off=0x0240, cb=0x0100 IA32_XSS-bit -- YMM_Hi128
00:00:04.032427   State #3, host:  off=0x03c0, cb=0x0040 IA32_XSS-bit -- BNDREGS
00:00:04.032428   State #4, host:  off=0x0400, cb=0x0040 IA32_XSS-bit -- BNDCSR
00:00:04.032429   State #8, host:  off=0x0000, cb=0x0080 XCR0-bit -- 8
00:00:04.032438          Unknown CPUID Leaves
00:00:04.032438      Leaf/sub-leaf  eax      ebx      ecx      edx
00:00:04.032438 Gst: 00000014/0001  00000000 00000000 00000000 00000000
00:00:04.032439 Hst:                02490002 003f3fff 00000000 00000000
00:00:04.032440 Gst: 00000014/0002  00000000 00000000 00000000 00000000
00:00:04.032440 Hst:                00000000 00000000 00000000 00000000
00:00:04.032441 Gst: 00000015/0000  00000000 00000000 00000000 00000000
00:00:04.032441 Hst:                00000002 000000f2 00000000 00000000
00:00:04.032442 Gst: 00000016/0000  00000000 00000000 00000000 00000000
00:00:04.032443 Hst:                00000b54 00000dac 00000064 00000000
00:00:04.032444          Raw Hypervisor CPUID Leaves
00:00:04.032444      Leaf/sub-leaf  eax      ebx      ecx      edx
00:00:04.032445 Gst: 40000000/0000  40000006 786f4256 786f4256 786f4256
00:00:04.032446 Hst:                00000b54 00000dac 00000064 00000000
00:00:04.032446 Gst: 40000001/0000  31237648 00000000 00000000 00000000
00:00:04.032447 Hst:                00000b54 00000dac 00000064 00000000
00:00:04.032448 Gst: 40000002/0000  00000000 00000000 00000000 00000000
00:00:04.032449 Hst:                00000b54 00000dac 00000064 00000000
00:00:04.032449 Gst: 40000003/0000  00000af2 00000000 00000000 00000500
00:00:04.032450 Hst:                00000b54 00000dac 00000064 00000000
00:00:04.032451 Gst: 40000004/0000  00000130 ffffffff 00000000 00000000
00:00:04.032452 Hst:                00000b54 00000dac 00000064 00000000
00:00:04.032452 Gst: 40000005/0000  00000000 00000000 00000000 00000000
00:00:04.032453 Hst:                00000b54 00000dac 00000064 00000000
00:00:04.032454 Gst: 40000006/0000  00000000 00000000 00000000 00000000
00:00:04.032454 Hst:                00000b54 00000dac 00000064 00000000
00:00:04.032455          Raw Extended CPUID Leaves
00:00:04.032455      Leaf/sub-leaf  eax      ebx      ecx      edx
00:00:04.032456 Gst: 80000000/0000  80000008 00000000 00000000 00000000
00:00:04.032456 Hst:                80000008 00000000 00000000 00000000
00:00:04.032457 Gst: 80000001/0000  00000000 00000000 00000001 08000000
00:00:04.032457 Hst:                00000000 00000000 00000121 2c100800
00:00:04.032458 Gst: 80000002/0000  65746e49 2952286c 726f4320 4d542865
00:00:04.032459 Hst:                65746e49 2952286c 726f4320 4d542865
00:00:04.032461 Gst: 80000003/0000  37692029 3035372d 43205530 40205550
00:00:04.032461 Hst:                37692029 3035372d 43205530 40205550
00:00:04.032463 Gst: 80000004/0000  372e3220 7a484730 00000000 00000000
00:00:04.032463 Hst:                372e3220 7a484730 00000000 00000000
00:00:04.032464 Gst: 80000005/0000  00000000 00000000 00000000 00000000
00:00:04.032464 Hst:                00000000 00000000 00000000 00000000
00:00:04.032465 Gst: 80000006/0000  00000000 00000000 01006040 00000000
00:00:04.032466 Hst:                00000000 00000000 01006040 00000000
00:00:04.032466 Gst: 80000007/0000  00000000 00000000 00000000 00000100
00:00:04.032467 Hst:                00000000 00000000 00000000 00000100
00:00:04.032467 Gst: 80000008/0000  00003027 00000000 00000000 00000000
00:00:04.032468 Hst:                00003027 00000000 00000000 00000000
00:00:04.032469 Ext Name:                        
00:00:04.032469 Ext Supports:                    0x80000000-0x80000008
00:00:04.032470 Family:                          0  	Extended: 0 	Effective: 0
00:00:04.032470 Model:                           0  	Extended: 0 	Effective: 0
00:00:04.032470 Stepping:                        0
00:00:04.032471 Brand ID:                        0x000
00:00:04.032471 Ext Features
00:00:04.032471   Mnemonic - Description                                  = guest (host)
00:00:04.032472   FPU - x87 FPU on Chip                                   = 0 (0)
00:00:04.032473   VME - Virtual 8086 Mode Enhancements                    = 0 (0)
00:00:04.032473   DE - Debugging extensions                               = 0 (0)
00:00:04.032474   PSE - Page Size Extension                               = 0 (0)
00:00:04.032475   TSC - Time Stamp Counter                                = 0 (0)
00:00:04.032477   MSR - K86 Model Specific Registers                      = 0 (0)
00:00:04.032477   PAE - Physical Address Extension                        = 0 (0)
00:00:04.032478   MCE - Machine Check Exception                           = 0 (0)
00:00:04.032478   CX8 - CMPXCHG8B instruction                             = 0 (0)
00:00:04.032479   APIC - APIC On-Chip                                     = 0 (0)
00:00:04.032480   SEP - SYSCALL/SYSRET                                    = 0 (1)
00:00:04.032481   MTRR - Memory Type Range Registers                      = 0 (0)
00:00:04.032481   PGE - PTE Global Bit                                    = 0 (0)
00:00:04.032482   MCA - Machine Check Architecture                        = 0 (0)
00:00:04.032483   CMOV - Conditional Move instructions                    = 0 (0)
00:00:04.032483   PAT - Page Attribute Table                              = 0 (0)
00:00:04.032484   PSE-36 - 36-bit Page Size Extension                     = 0 (0)
00:00:04.032485   NX - No-Execute/Execute-Disable                         = 0 (1)
00:00:04.032485   AXMMX - AMD Extensions to MMX instructions              = 0 (0)
00:00:04.032486   MMX - Intel MMX Technology                              = 0 (0)
00:00:04.032487   FXSR - FXSAVE and FXRSTOR Instructions                  = 0 (0)
00:00:04.032487   FFXSR - AMD fast FXSAVE and FXRSTOR instructions        = 0 (0)
00:00:04.032488   Page1GB - 1 GB large page                               = 0 (1)
00:00:04.032488   RDTSCP - RDTSCP instruction                             = 1 (1)
00:00:04.032489   LM - AMD64 Long Mode                                    = 0 (1)
00:00:04.032490   3DNOWEXT - AMD Extensions to 3DNow                      = 0 (0)
00:00:04.032490   3DNOW - AMD 3DNow                                       = 0 (0)
00:00:04.032491   LahfSahf - LAHF/SAHF support in 64-bit mode             = 1 (1)
00:00:04.032492   CmpLegacy - Core multi-processing legacy mode           = 0 (0)
00:00:04.032492   SVM - AMD Secure Virtual Machine extensions             = 0 (0)
00:00:04.032493   EXTAPIC - AMD Extended APIC registers                   = 0 (0)
00:00:04.032494   CR8L - AMD LOCK MOV CR0 means MOV CR8                   = 0 (0)
00:00:04.032494   ABM - AMD Advanced Bit Manipulation                     = 0 (1)
00:00:04.032495   SSE4A - SSE4A instructions                              = 0 (0)
00:00:04.032496   MISALIGNSSE - AMD Misaligned SSE mode                   = 0 (0)
00:00:04.032496   3DNOWPRF - AMD PREFETCH and PREFETCHW instructions      = 0 (1)
00:00:04.032497   OSVW - AMD OS Visible Workaround                        = 0 (0)
00:00:04.032498   IBS - Instruct Based Sampling                           = 0 (0)
00:00:04.032499   XOP - Extended Operation support                        = 0 (0)
00:00:04.032499   SKINIT - SKINIT, STGI, and DEV support                  = 0 (0)
00:00:04.032500   WDT - AMD Watchdog Timer support                        = 0 (0)
00:00:04.032501   LWP - Lightweight Profiling support                     = 0 (0)
00:00:04.032501   FMA4 - Four operand FMA instruction support             = 0 (0)
00:00:04.032502   NodeId - NodeId in MSR C001_100C                        = 0 (0)
00:00:04.032502   TBM - Trailing Bit Manipulation instructions            = 0 (0)
00:00:04.032503   TOPOEXT - Topology Extensions                           = 0 (0)
00:00:04.032504 Full Name:                       "Intel(R) Core(TM) i7-7500U CPU @ 2.70GHz"
00:00:04.032504 TLB 2/4M Instr/Uni:              res0     0 entries
00:00:04.032505 TLB 2/4M Data:                   res0     0 entries
00:00:04.032505 TLB 4K Instr/Uni:                res0     0 entries
00:00:04.032506 TLB 4K Data:                     res0     0 entries
00:00:04.032506 L1 Instr Cache Line Size:        0 bytes
00:00:04.032507 L1 Instr Cache Lines Per Tag:    0
00:00:04.032507 L1 Instr Cache Associativity:    res0  
00:00:04.032507 L1 Instr Cache Size:             0 KB
00:00:04.032508 L1 Data Cache Line Size:         0 bytes
00:00:04.032509 L1 Data Cache Lines Per Tag:     0
00:00:04.032509 L1 Data Cache Associativity:     res0  
00:00:04.032509 L1 Data Cache Size:              0 KB
00:00:04.032510 L2 TLB 2/4M Instr/Uni:           off       0 entries
00:00:04.032510 L2 TLB 2/4M Data:                off       0 entries
00:00:04.032511 L2 TLB 4K Instr/Uni:             off       0 entries
00:00:04.032511 L2 TLB 4K Data:                  off       0 entries
00:00:04.032512 L2 Cache Line Size:              0 bytes
00:00:04.032512 L2 Cache Lines Per Tag:          0
00:00:04.032512 L2 Cache Associativity:          off   
00:00:04.032513 L2 Cache Size:                   0 KB
00:00:04.032513 APM Features:                    TscInvariant
00:00:04.032514 Host Invariant-TSC support:      true 
00:00:04.032515 Physical Address Width:          39 bits
00:00:04.032515 Virtual Address Width:           48 bits
00:00:04.032515 Guest Physical Address Width:    0 bits
00:00:04.032516 Physical Core Count:             1
00:00:04.032517 
00:00:04.032517 ******************** End of CPUID dump **********************
00:00:04.050783 PcBios: SATA LUN#0 LCHS=1024/255/63
00:00:04.050836 APIC: fPostedIntrsEnabled=false fVirtApicRegsEnabled=false fSupportsTscDeadline=false
00:00:04.050851 TMR3UtcNow: nsNow=1 521 224 502 370 669 000 nsPrev=0 -> cNsDelta=1 521 224 502 370 669 000 (offLag=0 offVirtualSync=0 offVirtualSyncGivenUp=0, NowAgain=1 521 224 502 370 669 000)
00:00:04.050888 VMEmt: Halt method global1 (5)
00:00:04.050934 VMEmt: HaltedGlobal1 config: cNsSpinBlockThresholdCfg=50000
00:00:04.050940 Changing the VM state from 'CREATING' to 'CREATED'
00:00:04.051535 Changing the VM state from 'CREATED' to 'POWERING_ON'
00:00:04.051588 AIOMgr: Endpoints without assigned bandwidth groups:
00:00:04.051596 AIOMgr:     C:\Users\leshy\VirtualBox VMs\SQL Machine\SQL Machine.vdi
00:00:04.051996 Changing the VM state from 'POWERING_ON' to 'RUNNING'
00:00:04.052006 Console: Machine state changed to 'Running'
00:00:04.055187 VMMDev: Guest Log: BIOS: VirtualBox 5.2.8
00:00:04.055554 PCI: setting up resources and interrupts
00:00:04.056129 PIT: mode=2 count=0x10000 (65536) - 18.20 Hz (ch=0)
00:00:04.062518 VMMDev: Guest Log: CPUID EDX: 0x078bf3bf
00:00:04.063873 AHCI#0: Reset the HBA
00:00:04.063880 VD#0: Cancelling all active requests
00:00:04.064166 AHCI#0: Port 0 reset
00:00:04.064215 VD#0: Cancelling all active requests
00:00:04.064943 VMMDev: Guest Log: BIOS: AHCI 0-P#0: PCHS=16383/16/63 LCHS=1024/255/63 0x0000000004000000 sectors
00:00:04.065116 AHCI#0: Port 1 reset
00:00:04.072755 Display::handleDisplayResize: uScreenId=0 pvVRAM=0000000000000000 w=720 h=400 bpp=0 cbLine=0x0 flags=0x0
00:00:04.072831 GUI: UIFrameBufferPrivate::NotifyChange: Screen=0, Origin=0x0, Size=720x400, Sending to async-handler
00:00:04.082807 PIT: mode=2 count=0x48d3 (18643) - 64.00 Hz (ch=0)
00:00:04.094338 Display::handleDisplayResize: uScreenId=0 pvVRAM=000000000b4c0000 w=640 h=480 bpp=32 cbLine=0xA00 flags=0x0
00:00:04.094638 GUI: UIFrameBufferPrivate::NotifyChange: Screen=0, Origin=0x0, Size=640x480, Sending to async-handler
00:00:04.552727 GUI: UIMachineViewNormal::resendSizeHint: Restoring guest size-hint for screen 0 to 800x600
00:00:04.552767 VMMDev: SetVideoModeHint: Got a video mode hint (800x600x32)@(0x0),(1;0) at 0
00:00:04.552808 GUI: UIMachineView::sltHandleNotifyChange: Screen=0, Size=720x400
00:00:04.552814 GUI: UIFrameBufferPrivate::handleNotifyChange: Size=720x400
00:00:04.552819 GUI: UIFrameBufferPrivate::performResize: Size=720x400, Directly using source bitmap content
00:00:04.553033 GUI: UIMachineView::sltHandleNotifyChange: Screen=0, Size=640x480
00:00:04.553050 GUI: UIFrameBufferPrivate::handleNotifyChange: Size=640x480
00:00:04.555877 GUI: 2D video acceleration is disabled
00:00:04.555901 GUI: HID LEDs sync is enabled
00:00:04.561871 GUI: UIMachineLogicNormal::sltCheckForRequestedVisualStateType: Requested-state=0, Machine-state=5
00:00:06.554496 PIT: mode=2 count=0x10000 (65536) - 18.20 Hz (ch=0)
00:00:06.554774 VMMDev: Guest Log: BIOS: Boot : bseqnr=1, bootseq=0231
00:00:06.555045 VMMDev: Guest Log: BIOS: Boot from Floppy 0 failed
00:00:06.555095 VMMDev: Guest Log: BIOS: Boot : bseqnr=2, bootseq=0023
00:00:06.555823 VMMDev: Guest Log: BIOS: CDROM boot failure code : 0003
00:00:06.555855 VMMDev: Guest Log: BIOS: Boot from CD-ROM failed
00:00:06.555896 VMMDev: Guest Log: BIOS: Boot : bseqnr=3, bootseq=0002
00:00:06.556337 VMMDev: Guest Log: BIOS: Boot from Hard Disk 0 failed
00:00:06.556478 VMMDev: Guest Log: No bootable medium found! System halted.
00:00:06.572118 Display::handleDisplayResize: uScreenId=0 pvVRAM=0000000000000000 w=720 h=400 bpp=0 cbLine=0x0 flags=0x0
00:00:06.572193 GUI: UIFrameBufferPrivate::NotifyChange: Screen=0, Origin=0x0, Size=720x400, Sending to async-handler
00:00:06.572288 GUI: UIMachineView::sltHandleNotifyChange: Screen=0, Size=720x400
00:00:06.572305 GUI: UIFrameBufferPrivate::handleNotifyChange: Size=720x400
00:00:06.572327 GUI: UIFrameBufferPrivate::performResize: Size=720x400, Directly using source bitmap content
00:00:09.656390 Changing the VM state from 'RUNNING' to 'SUSPENDING'
00:00:09.708813 AIOMgr: Async flushes not supported
00:00:09.745825 AIOMgr: Endpoint for file 'C:\Users\leshy\VirtualBox VMs\SQL Machine\SQL Machine.vdi' (flags 000c0781) created successfully
00:00:09.779965 PDMR3Suspend: 123 550 747 ns run time
00:00:09.779980 Changing the VM state from 'SUSPENDING' to 'SUSPENDED'
00:00:09.779991 Console: Machine state changed to 'Paused'
00:00:11.885607 GUI: Request for close-action to power VM off.
00:00:11.885622 GUI: Passing request to power VM off from machine-logic to UI session.
00:00:11.885625 GUI: Powering VM down on UI session power off request...
00:00:11.885854 Console: Machine state changed to 'Stopping'
00:00:11.886039 Console::powerDown(): A request to power off the VM has been issued (mMachineState=Stopping, InUninit=0)
00:00:11.886055 Display::handleDisplayResize: uScreenId=0 pvVRAM=0000000000000000 w=720 h=400 bpp=32 cbLine=0x0 flags=0x0
00:00:11.886072 GUI: UIFrameBufferPrivate::NotifyChange: Screen=0, Origin=0x0, Size=720x400, Sending to async-handler
00:00:11.886252 Changing the VM state from 'SUSPENDED' to 'POWERING_OFF'
00:00:11.886263 ****************** Guest state at power off for VCpu 0 ******************
00:00:11.886282 Guest CPUM (VCPU 0) state: 
00:00:11.886299 eax=00000000 ebx=00000000 ecx=0000f000 edx=00000500 esi=00000510 edi=00000000
00:00:11.886301 eip=00001d9c esp=000077aa ebp=000077d0 iopl=0         nv up di pl zr na pe nc
00:00:11.886302 cs={f000 base=00000000000f0000 limit=0000ffff flags=0000009b} dr0=00000000 dr1=00000000
00:00:11.886305 ds={f000 base=00000000000f0000 limit=0000ffff flags=00000093} dr2=00000000 dr3=00000000
00:00:11.886307 es={0000 base=0000000000000000 limit=0000ffff flags=00000093} dr4=00000000 dr5=00000000
00:00:11.886308 fs={0000 base=0000000000000000 limit=0000ffff flags=00000093} dr6=ffff0ff0 dr7=00000400
00:00:11.886310 gs={0000 base=0000000000000000 limit=0000ffff flags=00000093} cr0=00000010 cr2=00000000
00:00:11.886311 ss={0000 base=0000000000000000 limit=0000ffff flags=00000093} cr3=00000000 cr4=00000000
00:00:11.886313 gdtr=00000000000fe89f:0047  idtr=0000000000000000:ffff  eflags=00200002
00:00:11.886314 ldtr={0000 base=00000000 limit=0000ffff flags=00000082}
00:00:11.886315 tr  ={0000 base=00000000 limit=0000ffff flags=0000008b}
00:00:11.886316 SysEnter={cs=0000 eip=00000000 esp=00000000}
00:00:11.886317 xcr=0000000000000001 xcr1=0000000000000000 xss=0000000000000000 (fXStateMask=0000000000000000)
00:00:11.886319 FCW=037f FSW=0000 FTW=0000 FOP=0000 MXCSR=00001f80 MXCSR_MASK=0000ffff
00:00:11.886320 FPUIP=00000000 CS=0000 Rsrvd1=0000  FPUDP=00000000 DS=0000 Rsvrd2=0000
00:00:11.886321 ST(0)=FPR0={0000'00000000'00000000} t0 +0.0000000000000000000000 * 2 ^ -16383 (*)
00:00:11.886323 ST(1)=FPR1={0000'00000000'00000000} t0 +0.0000000000000000000000 * 2 ^ -16383 (*)
00:00:11.886325 ST(2)=FPR2={0000'00000000'00000000} t0 +0.0000000000000000000000 * 2 ^ -16383 (*)
00:00:11.886326 ST(3)=FPR3={0000'00000000'00000000} t0 +0.0000000000000000000000 * 2 ^ -16383 (*)
00:00:11.886327 ST(4)=FPR4={0000'00000000'00000000} t0 +0.0000000000000000000000 * 2 ^ -16383 (*)
00:00:11.886328 ST(5)=FPR5={0000'00000000'00000000} t0 +0.0000000000000000000000 * 2 ^ -16383 (*)
00:00:11.886329 ST(6)=FPR6={0000'00000000'00000000} t0 +0.0000000000000000000000 * 2 ^ -16383 (*)
00:00:11.886330 ST(7)=FPR7={0000'00000000'00000000} t0 +0.0000000000000000000000 * 2 ^ -16383 (*)
00:00:11.886331 XMM0 =00000000'00000000'00000000'00000000  XMM1 =00000000'00000000'00000000'00000000
00:00:11.886332 XMM2 =00000000'00000000'00000000'00000000  XMM3 =00000000'00000000'00000000'00000000
00:00:11.886333 XMM4 =00000000'00000000'00000000'00000000  XMM5 =00000000'00000000'00000000'00000000
00:00:11.886335 XMM6 =00000000'00000000'00000000'00000000  XMM7 =00000000'00000000'00000000'00000000
00:00:11.886336 XMM8 =00000000'00000000'00000000'00000000  XMM9 =00000000'00000000'00000000'00000000
00:00:11.886337 XMM10=00000000'00000000'00000000'00000000  XMM11=00000000'00000000'00000000'00000000
00:00:11.886338 XMM12=00000000'00000000'00000000'00000000  XMM13=00000000'00000000'00000000'00000000
00:00:11.886339 XMM14=00000000'00000000'00000000'00000000  XMM15=00000000'00000000'00000000'00000000
00:00:11.886340 EFER         =0000000000000000
00:00:11.886341 PAT          =0007040600070406
00:00:11.886341 STAR         =0000000000000000
00:00:11.886342 CSTAR        =0000000000000000
00:00:11.886342 LSTAR        =0000000000000000
00:00:11.886342 SFMASK       =0000000000000000
00:00:11.886343 KERNELGSBASE =0000000000000000
00:00:11.886344 ***
00:00:11.886346 VCPU[0] hardware virtualization state:
00:00:11.886347 No/inactive hwvirt state
00:00:11.886348 ***
00:00:11.886351 Guest paging mode (VCPU #0):  Real (changed 3 times), A20 disabled (changed 1 times)
00:00:11.886353 Shadow paging mode (VCPU #0): PAE
00:00:11.886354 Host paging mode:              AMD64+NX
00:00:11.886355 ***
00:00:11.886357 Active Timers (pVM=0000000008280000)
00:00:11.886358 pTimerR3         offNext  offPrev  offSched Clock               Time             Expire HzHint State                     Description
00:00:11.886361 00000000088d9840 0002e250 00000000 00000000 Real            43070943           43068732      0 2-ACTIVE                  VGA Refresh Timer
00:00:11.886382 0000000008907a90 ffffff80 fffd1db0 00000000 Real            43070943           43068736      0 2-ACTIVE                  EMT Yielder
00:00:11.886385 0000000008907a10 00000000 00000080 00000000 Real            43070943           43069089      0 2-ACTIVE                  CPU Load Timer
00:00:11.886387 00000000088d0f30 00000680 00000000 00000000 VrSy          5604204965         5633060217     18 2-ACTIVE                  i8254 Programmable Interval Timer
00:00:11.886389 00000000088d15b0 00035d50 fffff980 00000000 VrSy          5604204965         5990000000      0 2-ACTIVE                  MC146818 RTC/CMOS - Second
00:00:11.886391 0000000008907300 00000000 fffca2b0 00000000 VrSy          5604204965       599932015941      0 2-ACTIVE                  ACPI PM Timer
00:00:11.886394 ***
00:00:11.886409 Shadow GDT (GCAddr=ff678000):
00:00:11.886437 ffd8 - 81e80087 ff008900 - base=ff0081e8 limit=00000087 dpl=0 TSS32Avail Present 16-bit  HyperTSSTrap08
00:00:11.886438 ffe0 - 81600087 ff008b00 - base=ff008160 limit=00000087 dpl=0 TSS32Busy Present 16-bit  HyperTSS
00:00:11.886440 ffe8 - 0000ffff 00af9b00 - base=00000000 limit=ffffffff dpl=0 CodeER Accessed Present Page 16-bit  HyperCS64
00:00:11.886442 fff0 - 0000ffff 00cf9300 - base=00000000 limit=ffffffff dpl=0 DataRW Accessed Present Page 32-bit  HyperDS
00:00:11.886443 fff8 - 0000ffff 00cf9b00 - base=00000000 limit=ffffffff dpl=0 CodeER Accessed Present Page 32-bit  HyperCS
00:00:11.886444 ************** End of Guest state at power off ***************
00:00:11.886689 PDMR3PowerOff: 234 837 ns run time
00:00:11.886720 Changing the VM state from 'POWERING_OFF' to 'OFF'
00:00:11.888140 Changing the VM state from 'OFF' to 'DESTROYING'
00:00:11.888175 ************************* Statistics *************************
00:00:11.888243 /CPUM/MSR-Totals/Reads                  0 times
00:00:11.888250 /CPUM/MSR-Totals/ReadsRaisingGP         0 times
00:00:11.888254 /CPUM/MSR-Totals/ReadsUnknown           0 times
00:00:11.888257 /CPUM/MSR-Totals/Writes                 0 times
00:00:11.888260 /CPUM/MSR-Totals/WritesRaisingGP        0 times
00:00:11.888263 /CPUM/MSR-Totals/WritesToIgnoredBits        0 times
00:00:11.888266 /CPUM/MSR-Totals/WritesUnknown          0 times
00:00:11.888269 /Devices/AHCI0/Port0/QueryBufAttempts        0 count
00:00:11.888272 /Devices/AHCI0/Port0/QueryBufSuccess        0 count
00:00:11.888276 /Devices/AHCI0/Port0/ReadBytes        512 bytes
00:00:11.888279 /Devices/AHCI0/Port0/ReqsRead           1 count
00:00:11.888282 /Devices/AHCI0/Port0/ReqsSubmitted        1 count
00:00:11.888285 /Devices/AHCI0/Port0/ReqsSucceeded        1 count
00:00:11.888289 /Devices/E1k0/ReceiveBytes              0 bytes
00:00:11.888292 /Devices/E1k0/TransmitBytes             0 bytes
00:00:11.888295 /Devices/E1k0/iStatIntLost              0 ns
00:00:11.888298 /Devices/E1k0/iStatIntLostOne           0 ns
00:00:11.888301 /Devices/E1k0/u64ArmedAt                0 ns
00:00:11.888305 /Devices/E1k0/uStatDescCtx              0 ns
00:00:11.888308 /Devices/E1k0/uStatDescDat              0 ns
00:00:11.888310 /Devices/E1k0/uStatDescLeg              0 ns
00:00:11.888313 /Devices/E1k0/uStatInt                  0 ns
00:00:11.888317 /Devices/E1k0/uStatIntEarly             0 ns
00:00:11.888320 /Devices/E1k0/uStatIntICS               0 ns
00:00:11.888323 /Devices/E1k0/uStatIntIMS               0 ns
00:00:11.888326 /Devices/E1k0/uStatIntLate              0 ns
00:00:11.888329 /Devices/E1k0/uStatIntLower             0 ns
00:00:11.888338 /Devices/E1k0/uStatIntMasked            0 ns
00:00:11.888343 /Devices/E1k0/uStatIntRDTR              0 ns
00:00:11.888346 /Devices/E1k0/uStatIntRXDMT0            0 ns
00:00:11.888349 /Devices/E1k0/uStatIntRx                0 ns
00:00:11.888352 /Devices/E1k0/uStatIntSkip              0 ns
00:00:11.888355 /Devices/E1k0/uStatIntTXQE              0 ns
00:00:11.888359 /Devices/E1k0/uStatIntTry               0 ns
00:00:11.888362 /Devices/E1k0/uStatIntTx                0 ns
00:00:11.888365 /Devices/E1k0/uStatMaxTxDelay           0 ns
00:00:11.888368 /Devices/E1k0/uStatNoIntICR             0 ns
00:00:11.888371 /Devices/E1k0/uStatRAD                  0 ns
00:00:11.888374 /Devices/E1k0/uStatRID                  0 ns
00:00:11.888377 /Devices/E1k0/uStatRxFrm                0 ns
00:00:11.888381 /Devices/E1k0/uStatTAD                  0 ns
00:00:11.888384 /Devices/E1k0/uStatTID                  0 ns
00:00:11.888387 /Devices/E1k0/uStatTx1514               0 ns
00:00:11.888390 /Devices/E1k0/uStatTx16384              0 ns
00:00:11.888393 /Devices/E1k0/uStatTx2962               0 ns
00:00:11.888396 /Devices/E1k0/uStatTx32768              0 ns
00:00:11.888400 /Devices/E1k0/uStatTx4410               0 ns
00:00:11.888403 /Devices/E1k0/uStatTx5858               0 ns
00:00:11.888406 /Devices/E1k0/uStatTx7306               0 ns
00:00:11.888409 /Devices/E1k0/uStatTx8754               0 ns
00:00:11.888412 /Devices/E1k0/uStatTxDelayExp           0 ns
00:00:11.888415 /Devices/E1k0/uStatTxDelayed            0 ns
00:00:11.888418 /Devices/E1k0/uStatTxFrm                0 ns
00:00:11.888422 /Devices/E1k0/uStatTxIDE                0 ns
00:00:11.888425 /Devices/E1k0/uStatTxLarge              0 ns
00:00:11.888428 /Devices/E1k0/uStatTxNoRS               0 ns
00:00:11.888432 /Devices/VMMDev/BalloonChunks           0 count
00:00:11.888436 /FT/Checkpoint/Network                  0 times
00:00:11.888439 /FT/Checkpoint/Storage                  0 times
00:00:11.888442 /FT/Received/Mem                        0 bytes
00:00:11.888446 /FT/Received/State                      0 bytes
00:00:11.888449 /FT/Sent/Mem                            0 bytes
00:00:11.888453 /FT/Sent/State                          0 bytes
00:00:11.888456 /FT/Sync/DeltaMem                       0 times
00:00:11.888459 /FT/Sync/DeltaVM                        0 times
00:00:11.888462 /FT/Sync/Full                           0 times
00:00:11.888466 /GIM/HyperV/0/Stimer0_Fired             0 times
00:00:11.888469 /GIM/HyperV/0/Stimer1_Fired             0 times
00:00:11.888472 /GIM/HyperV/0/Stimer2_Fired             0 times
00:00:11.888475 /GIM/HyperV/0/Stimer3_Fired             0 times
00:00:11.888479 /GMM/VM/Allocated/cBasePages          305 pages
00:00:11.888482 /GMM/VM/Allocated/cFixedPages           0 pages
00:00:11.888485 /GMM/VM/Allocated/cShadowPages          0 pages
00:00:11.888490 /GMM/VM/Reserved/cBasePages        262302 pages
00:00:11.888493 /GMM/VM/Reserved/cFixedPages         5638 pages
00:00:11.888496 /GMM/VM/Reserved/cShadowPages           1 pages
00:00:11.888499 /GMM/VM/cBalloonedPages                 0 pages
00:00:11.888503 /GMM/VM/cMaxBalloonedPages              0 pages
00:00:11.888505 /GMM/VM/cPrivatePages                 305 pages
00:00:11.888509 /GMM/VM/cReqActuallyBalloonedPages        0 pages
00:00:11.888512 /GMM/VM/cReqBalloonedPages              0 pages
00:00:11.888515 /GMM/VM/cReqDeflatePages                0 pages
00:00:11.888519 /GMM/VM/cShareableModules               0 count
00:00:11.888522 /GMM/VM/cSharedPages                    0 pages
00:00:11.888525 /GMM/VM/enmPolicy                       1 
00:00:11.888529 /GMM/VM/enmPriority                     2 
00:00:11.888532 /GMM/VM/fBallooningEnabled       false    
00:00:11.888535 /GMM/VM/fMayAllocate             true     
00:00:11.888539 /GMM/VM/fSharedPagingEnabled     false    
00:00:11.888542 /GMM/cAllocatedPages                  305 pages
00:00:11.888545 /GMM/cBalloonedPages                    0 pages
00:00:11.888551 /GMM/cChunks                            1 count
00:00:11.888556 /GMM/cDuplicatePages                    0 pages
00:00:11.888559 /GMM/cFreedChunks                       0 count
00:00:11.888562 /GMM/cLeftBehindSharedPages             0 pages
00:00:11.888565 /GMM/cMaxPages                   4294967295 pages
00:00:11.888569 /GMM/cOverCommittedPages                0 pages
00:00:11.888572 /GMM/cReservedPages                267941 pages
00:00:11.888576 /GMM/cShareableModules                  0 count
00:00:11.888579 /GMM/cSharedPages                       0 pages
00:00:11.888582 /GVMM/EMTs                              1 calls
00:00:11.888586 /GVMM/HostCPUs                          4 calls
00:00:11.888589 /GVMM/HostCpus/0                        0 
00:00:11.888593 /GVMM/HostCpus/0/CurTimerHz             0 Hz
00:00:11.888596 /GVMM/HostCpus/0/DesiredHz              0 Hz
00:00:11.888599 /GVMM/HostCpus/0/PPTChanges             0 times
00:00:11.888602 /GVMM/HostCpus/0/PPTStarts              0 times
00:00:11.888605 /GVMM/HostCpus/0/idxCpuSet              0 
00:00:11.888608 /GVMM/HostCpus/1                        1 
00:00:11.888612 /GVMM/HostCpus/1/CurTimerHz             0 Hz
00:00:11.888615 /GVMM/HostCpus/1/DesiredHz              0 Hz
00:00:11.888618 /GVMM/HostCpus/1/PPTChanges             0 times
00:00:11.888621 /GVMM/HostCpus/1/PPTStarts              0 times
00:00:11.888624 /GVMM/HostCpus/1/idxCpuSet              1 
00:00:11.888627 /GVMM/HostCpus/2                        2 
00:00:11.888630 /GVMM/HostCpus/2/CurTimerHz             0 Hz
00:00:11.888633 /GVMM/HostCpus/2/DesiredHz              0 Hz
00:00:11.888635 /GVMM/HostCpus/2/PPTChanges             0 times
00:00:11.888638 /GVMM/HostCpus/2/PPTStarts              0 times
00:00:11.888641 /GVMM/HostCpus/2/idxCpuSet              2 
00:00:11.888644 /GVMM/HostCpus/3                        3 
00:00:11.888648 /GVMM/HostCpus/3/CurTimerHz             0 Hz
00:00:11.888651 /GVMM/HostCpus/3/DesiredHz              0 Hz
00:00:11.888654 /GVMM/HostCpus/3/PPTChanges             0 times
00:00:11.888657 /GVMM/HostCpus/3/PPTStarts              0 times
00:00:11.888660 /GVMM/HostCpus/3/idxCpuSet              3 
00:00:11.888663 /GVMM/Sum/HaltBlocking                671 calls
00:00:11.888666 /GVMM/Sum/HaltCalls                  3735 calls
00:00:11.888669 /GVMM/Sum/HaltNotBlocking            3064 calls
00:00:11.888673 /GVMM/Sum/HaltTimeouts                214 calls
00:00:11.888676 /GVMM/Sum/HaltWakeUps                   0 calls
00:00:11.888679 /GVMM/Sum/PokeCalls                     0 calls
00:00:11.888683 /GVMM/Sum/PokeNotBusy                   0 calls
00:00:11.888686 /GVMM/Sum/PollCalls                     0 calls
00:00:11.888689 /GVMM/Sum/PollHalts                     0 calls
00:00:11.888692 /GVMM/Sum/PollWakeUps                   0 calls
00:00:11.888698 /GVMM/Sum/WakeUpCalls                 465 calls
00:00:11.888705 /GVMM/Sum/WakeUpNotHalted             206 calls
00:00:11.888713 /GVMM/Sum/WakeUpWakeUps                 0 calls
00:00:11.888720 /GVMM/VM/HaltBlocking                 671 calls
00:00:11.888728 /GVMM/VM/HaltCalls                   3735 calls
00:00:11.888735 /GVMM/VM/HaltNotBlocking             3064 calls
00:00:11.888743 /GVMM/VM/HaltTimeouts                 214 calls
00:00:11.888750 /GVMM/VM/HaltWakeUps                    0 calls
00:00:11.888758 /GVMM/VM/PokeCalls                      0 calls
00:00:11.888763 /GVMM/VM/PokeNotBusy                    0 calls
00:00:11.888766 /GVMM/VM/PollCalls                      0 calls
00:00:11.888769 /GVMM/VM/PollHalts                      0 calls
00:00:11.888772 /GVMM/VM/PollWakeUps                    0 calls
00:00:11.888775 /GVMM/VM/WakeUpCalls                  465 calls
00:00:11.888778 /GVMM/VM/WakeUpNotHalted              206 calls
00:00:11.888781 /GVMM/VM/WakeUpWakeUps                  0 calls
00:00:11.888784 /GVMM/VMs                               1 calls
00:00:11.888788 /IEM/CPU0/CodeTlb-Misses                0 count
00:00:11.888791 /IEM/CPU0/CodeTlb-PhysRev        ffffffffffff9c00 
00:00:11.888797 /IEM/CPU0/CodeTlb-Revision       fffff38000000000 
00:00:11.888802 /IEM/CPU0/CodeTlb-SlowReads             0 
00:00:11.888805 /IEM/CPU0/DataTlb-Misses                0 count
00:00:11.888808 /IEM/CPU0/DataTlb-PhysRev        ffffffffffff9c00 
00:00:11.888812 /IEM/CPU0/DataTlb-Revision       fffff38000000000 
00:00:11.888815 /IEM/CPU0/cInstructions                 0 count
00:00:11.888819 /IEM/CPU0/cLongJumps                    0 bytes
00:00:11.888822 /IEM/CPU0/cPendingCommit                0 bytes
00:00:11.888825 /IEM/CPU0/cPotentialExits               0 count
00:00:11.888828 /IEM/CPU0/cRetAspectNotImplemented        0 count
00:00:11.888831 /IEM/CPU0/cRetErrStatuses               0 count
00:00:11.888834 /IEM/CPU0/cRetInfStatuses               0 count
00:00:11.888837 /IEM/CPU0/cRetInstrNotImplemented        0 count
00:00:11.888840 /IEM/CPU0/cbWritten                     0 bytes
00:00:11.888843 /MM/HyperHeap/cbFree              1023168 bytes
00:00:11.888847 /MM/HyperHeap/cbHeap              1310400 bytes
00:00:11.888851 /PDM/BlkCache/cbCached                  0 bytes
00:00:11.888854 /PDM/BlkCache/cbCachedFru               0 bytes
00:00:11.888857 /PDM/BlkCache/cbCachedMruIn             0 bytes
00:00:11.888860 /PDM/BlkCache/cbCachedMruOut            0 bytes
00:00:11.888863 /PDM/BlkCache/cbMax               5242880 bytes
00:00:11.888867 /PDM/CritSects/8237A#0Auto/ContentionR3        0 times
00:00:11.888870 /PDM/CritSects/8237A#0Auto/ContentionRZLock        0 times
00:00:11.888874 /PDM/CritSects/8237A#0Auto/ContentionRZUnlock        0 times
00:00:11.888877 /PDM/CritSects/AHCI#0/ContentionR3        0 times
00:00:11.888881 /PDM/CritSects/AHCI#0/ContentionRZLock        0 times
00:00:11.888885 /PDM/CritSects/AHCI#0/ContentionRZUnlock        0 times
00:00:11.888888 /PDM/CritSects/E1000#0/ContentionR3        0 times
00:00:11.888891 /PDM/CritSects/E1000#0/ContentionRZLock        0 times
00:00:11.888894 /PDM/CritSects/E1000#0/ContentionRZUnlock        0 times
00:00:11.888897 /PDM/CritSects/E1000#0RX/ContentionR3        0 times
00:00:11.888900 /PDM/CritSects/E1000#0RX/ContentionRZLock        0 times
00:00:11.888903 /PDM/CritSects/E1000#0RX/ContentionRZUnlock        0 times
00:00:11.888907 /PDM/CritSects/E1000#0TX/ContentionR3        0 times
00:00:11.888910 /PDM/CritSects/E1000#0TX/ContentionRZLock        0 times
00:00:11.888912 /PDM/CritSects/E1000#0TX/ContentionRZUnlock        0 times
00:00:11.888916 /PDM/CritSects/EM-REM/ContentionR3        0 times
00:00:11.888920 /PDM/CritSects/EM-REM/ContentionRZLock        0 times
00:00:11.888923 /PDM/CritSects/EM-REM/ContentionRZUnlock        0 times
00:00:11.888926 /PDM/CritSects/FTM/ContentionR3         0 times
00:00:11.888929 /PDM/CritSects/FTM/ContentionRZLock        0 times
00:00:11.888933 /PDM/CritSects/FTM/ContentionRZUnlock        0 times
00:00:11.888936 /PDM/CritSects/GIMDev#0Auto/ContentionR3        0 times
00:00:11.888939 /PDM/CritSects/GIMDev#0Auto/ContentionRZLock        0 times
00:00:11.888942 /PDM/CritSects/GIMDev#0Auto/ContentionRZUnlock        0 times
00:00:11.888948 /PDM/CritSects/HDA/ContentionR3         0 times
00:00:11.888951 /PDM/CritSects/HDA/ContentionRZLock        0 times
00:00:11.888955 /PDM/CritSects/HDA/ContentionRZUnlock        0 times
00:00:11.888958 /PDM/CritSects/MM-HYPER/ContentionR3        0 times
00:00:11.888962 /PDM/CritSects/MM-HYPER/ContentionRZLock        0 times
00:00:11.888965 /PDM/CritSects/MM-HYPER/ContentionRZUnlock        0 times
00:00:11.888969 /PDM/CritSects/NOP/ContentionR3         0 times
00:00:11.888973 /PDM/CritSects/NOP/ContentionRZLock        0 times
00:00:11.888976 /PDM/CritSects/NOP/ContentionRZUnlock        0 times
00:00:11.888979 /PDM/CritSects/OHCI#0Irq/ContentionR3        0 times
00:00:11.888982 /PDM/CritSects/OHCI#0Irq/ContentionRZLock        0 times
00:00:11.888986 /PDM/CritSects/OHCI#0Irq/ContentionRZUnlock        0 times
00:00:11.888989 /PDM/CritSects/PDM/ContentionR3         0 times
00:00:11.888992 /PDM/CritSects/PDM/ContentionRZLock        0 times
00:00:11.888997 /PDM/CritSects/PDM/ContentionRZUnlock        0 times
00:00:11.889002 /PDM/CritSects/PGM/ContentionR3         0 times
00:00:11.889005 /PDM/CritSects/PGM/ContentionRZLock        0 times
00:00:11.889009 /PDM/CritSects/PGM/ContentionRZUnlock        0 times
00:00:11.889012 /PDM/CritSects/REM-Register/ContentionR3        0 times
00:00:11.889015 /PDM/CritSects/REM-Register/ContentionRZLock        0 times
00:00:11.889019 /PDM/CritSects/REM-Register/ContentionRZUnlock        0 times
00:00:11.889022 /PDM/CritSects/TM Timer Lock/ContentionR3        0 times
00:00:11.889025 /PDM/CritSects/TM Timer Lock/ContentionRZLock        0 times
00:00:11.889029 /PDM/CritSects/TM Timer Lock/ContentionRZUnlock        0 times
00:00:11.889032 /PDM/CritSects/TM VirtualSync Lock/ContentionR3        0 times
00:00:11.889036 /PDM/CritSects/TM VirtualSync Lock/ContentionRZLock        0 times
00:00:11.889039 /PDM/CritSects/TM VirtualSync Lock/ContentionRZUnlock        0 times
00:00:11.889043 /PDM/CritSects/VGA#0/ContentionR3        0 times
00:00:11.889046 /PDM/CritSects/VGA#0/ContentionRZLock        0 times
00:00:11.889050 /PDM/CritSects/VGA#0/ContentionRZUnlock        0 times
00:00:11.889054 /PDM/CritSects/VGA#0_IRQ/ContentionR3        0 times
00:00:11.889057 /PDM/CritSects/VGA#0_IRQ/ContentionRZLock        0 times
00:00:11.889061 /PDM/CritSects/VGA#0_IRQ/ContentionRZUnlock        0 times
00:00:11.889064 /PDM/CritSects/VMMDev#0/ContentionR3        0 times
00:00:11.889067 /PDM/CritSects/VMMDev#0/ContentionRZLock        0 times
00:00:11.889070 /PDM/CritSects/VMMDev#0/ContentionRZUnlock        0 times
00:00:11.889073 /PDM/CritSects/acpi#0/ContentionR3        0 times
00:00:11.889077 /PDM/CritSects/acpi#0/ContentionRZLock        0 times
00:00:11.889080 /PDM/CritSects/acpi#0/ContentionRZUnlock        0 times
00:00:11.889083 /PDM/CritSects/mc146818#0Auto/ContentionR3        0 times
00:00:11.889086 /PDM/CritSects/mc146818#0Auto/ContentionRZLock        0 times
00:00:11.889090 /PDM/CritSects/mc146818#0Auto/ContentionRZUnlock        0 times
00:00:11.889093 /PDM/CritSects/pcarch#0Auto/ContentionR3        0 times
00:00:11.889097 /PDM/CritSects/pcarch#0Auto/ContentionRZLock        0 times
00:00:11.889100 /PDM/CritSects/pcarch#0Auto/ContentionRZUnlock        0 times
00:00:11.889104 /PDM/CritSects/pcbios#0Auto/ContentionR3        0 times
00:00:11.889107 /PDM/CritSects/pcbios#0Auto/ContentionRZLock        0 times
00:00:11.889110 /PDM/CritSects/pcbios#0Auto/ContentionRZUnlock        0 times
00:00:11.889114 /PDM/CritSects/pckbd#0Auto/ContentionR3        0 times
00:00:11.889117 /PDM/CritSects/pckbd#0Auto/ContentionRZLock        0 times
00:00:11.889120 /PDM/CritSects/pckbd#0Auto/ContentionRZUnlock        0 times
00:00:11.889123 /PDM/CritSects/pit#0/ContentionR3        0 times
00:00:11.889127 /PDM/CritSects/pit#0/ContentionRZLock        0 times
00:00:11.889130 /PDM/CritSects/pit#0/ContentionRZUnlock        0 times
00:00:11.889133 /PDM/CritSects/usb-ohci#0Auto/ContentionR3        0 times
00:00:11.889137 /PDM/CritSects/usb-ohci#0Auto/ContentionRZLock        0 times
00:00:11.889140 /PDM/CritSects/usb-ohci#0Auto/ContentionRZUnlock        0 times
00:00:11.889144 /PDM/CritSectsRw/IOM Lock/ContentionR3EnterExcl        0 times
00:00:11.889147 /PDM/CritSectsRw/IOM Lock/ContentionR3EnterShared        0 times
00:00:11.889150 /PDM/CritSectsRw/IOM Lock/ContentionRZEnterExcl        0 times
00:00:11.889154 /PDM/CritSectsRw/IOM Lock/ContentionRZEnterShared        0 times
00:00:11.889157 /PDM/CritSectsRw/IOM Lock/ContentionRZLeaveExcl        0 times
00:00:11.889160 /PDM/CritSectsRw/IOM Lock/ContentionRZLeaveShared        0 times
00:00:11.889163 /PDM/CritSectsRw/IOM Lock/R3EnterExcl      225 times
00:00:11.889166 /PDM/CritSectsRw/IOM Lock/R3EnterShared    77859 times
00:00:11.889169 /PDM/CritSectsRw/IOM Lock/RZEnterExcl        0 times
00:00:11.889172 /PDM/CritSectsRw/IOM Lock/RZEnterShared        0 times
00:00:11.889176 /PDM/Queue/AHCI-Xmit/AllocFailures        0 times
00:00:11.889179 /PDM/Queue/AHCI-Xmit/Flush              0 calls
00:00:11.889184 /PDM/Queue/AHCI-Xmit/FlushLeftovers        0 times
00:00:11.889188 /PDM/Queue/AHCI-Xmit/Insert             0 calls
00:00:11.889192 /PDM/Queue/AHCI-Xmit/cItems            60 count
00:00:11.889195 /PDM/Queue/AHCI-Xmit/cbItem            32 bytes
00:00:11.889198 /PDM/Queue/DevHlp/AllocFailures         0 times
00:00:11.889202 /PDM/Queue/DevHlp/Flush                 0 calls
00:00:11.889205 /PDM/Queue/DevHlp/FlushLeftovers        0 times
00:00:11.889208 /PDM/Queue/DevHlp/Insert                0 calls
00:00:11.889212 /PDM/Queue/DevHlp/cItems                8 count
00:00:11.889215 /PDM/Queue/DevHlp/cbItem               64 bytes
00:00:11.889218 /PDM/Queue/E1000-Rcv/AllocFailures        0 times
00:00:11.889222 /PDM/Queue/E1000-Rcv/Flush              0 calls
00:00:11.889225 /PDM/Queue/E1000-Rcv/FlushLeftovers        0 times
00:00:11.889228 /PDM/Queue/E1000-Rcv/Insert             0 calls
00:00:11.889231 /PDM/Queue/E1000-Rcv/cItems             1 count
00:00:11.889235 /PDM/Queue/E1000-Rcv/cbItem            24 bytes
00:00:11.889238 /PDM/Queue/E1000-Xmit/AllocFailures        0 times
00:00:11.889241 /PDM/Queue/E1000-Xmit/Flush             0 calls
00:00:11.889244 /PDM/Queue/E1000-Xmit/FlushLeftovers        0 times
00:00:11.889247 /PDM/Queue/E1000-Xmit/Insert            0 calls
00:00:11.889250 /PDM/Queue/E1000-Xmit/cItems            1 count
00:00:11.889254 /PDM/Queue/E1000-Xmit/cbItem           24 bytes
00:00:11.889257 /PDM/Queue/Keyboard/AllocFailures        0 times
00:00:11.889260 /PDM/Queue/Keyboard/Flush               0 calls
00:00:11.889263 /PDM/Queue/Keyboard/FlushLeftovers        0 times
00:00:11.889266 /PDM/Queue/Keyboard/Insert              0 calls
00:00:11.889269 /PDM/Queue/Keyboard/cItems             64 count
00:00:11.889272 /PDM/Queue/Keyboard/cbItem             32 bytes
00:00:11.889276 /PDM/Queue/Mouse/AllocFailures          0 times
00:00:11.889279 /PDM/Queue/Mouse/Flush                  0 calls
00:00:11.889282 /PDM/Queue/Mouse/FlushLeftovers         0 times
00:00:11.889286 /PDM/Queue/Mouse/Insert                 0 calls
00:00:11.889289 /PDM/Queue/Mouse/cItems               128 count
00:00:11.889293 /PDM/Queue/Mouse/cbItem                48 bytes
00:00:11.889296 /PDM/Queue/Mouse_1/AllocFailures        0 times
00:00:11.889299 /PDM/Queue/Mouse_1/Flush                0 calls
00:00:11.889303 /PDM/Queue/Mouse_1/FlushLeftovers        0 times
00:00:11.889306 /PDM/Queue/Mouse_1/Insert               0 calls
00:00:11.889309 /PDM/Queue/Mouse_1/cItems             128 count
00:00:11.889312 /PDM/Queue/Mouse_1/cbItem              48 bytes
00:00:11.889315 /PDM/Queue/SCSI-Eject/AllocFailures        0 times
00:00:11.889319 /PDM/Queue/SCSI-Eject/Flush             0 calls
00:00:11.889322 /PDM/Queue/SCSI-Eject/FlushLeftovers        0 times
00:00:11.889325 /PDM/Queue/SCSI-Eject/Insert            0 calls
00:00:11.889328 /PDM/Queue/SCSI-Eject/cItems            1 count
00:00:11.889331 /PDM/Queue/SCSI-Eject/cbItem           40 bytes
00:00:11.889334 /PGM/CPU0/cA20Changes                   1 times
00:00:11.889338 /PGM/CPU0/cGuestModeChanges             3 times
00:00:11.889341 /PGM/ChunkR3Map/Mapped                  1 count
00:00:11.889344 /PGM/ChunkR3Map/Unmapped                0 count
00:00:11.889347 /PGM/ChunkR3Map/c                       1 count
00:00:11.889351 /PGM/ChunkR3Map/cMax             4294967295 count
00:00:11.889354 /PGM/LargePage/Recheck                  0 times
00:00:11.889358 /PGM/LargePage/Refused                  0 times
00:00:11.889361 /PGM/LargePage/Reused                   0 times
00:00:11.889366 /PGM/Page/cAllPages                267852 count
00:00:11.889369 /PGM/Page/cBalloonedPages               0 count
00:00:11.889372 /PGM/Page/cHandyPages                  84 count
00:00:11.889376 /PGM/Page/cLargePages                   0 count
00:00:11.889379 /PGM/Page/cLargePagesDisabled           0 count
00:00:11.889382 /PGM/Page/cMonitoredPages               0 count
00:00:11.889385 /PGM/Page/cPrivatePages              5859 count
00:00:11.889388 /PGM/Page/cPureMmioPages               40 count
00:00:11.889394 /PGM/Page/cReadLockedPages              0 count
00:00:11.889398 /PGM/Page/cReusedSharedPages            0 count
00:00:11.889401 /PGM/Page/cSharedPages                  0 count
00:00:11.889404 /PGM/Page/cWriteLockedPages             0 count
00:00:11.889407 /PGM/Page/cWrittenToPages               0 count
00:00:11.889410 /PGM/Page/cZeroPages               261953 count
00:00:11.889413 /PGM/ShMod/Check                        0 ticks/call (           0 ticks,       0 times, max         0, min      -1)
00:00:11.889419 /PGM/cRelocations                       0 times
00:00:11.889422 /PROF/CPU0/EM/Capped                    0 ticks/call (           0 ticks,       0 times, max         0, min      -1)
00:00:11.889426 /PROF/CPU0/EM/ForcedActions           167 times
00:00:11.889430 /PROF/CPU0/EM/Halted                  166 times
00:00:11.889433 /PROF/CPU0/EM/RAWTotal                  0 times
00:00:11.889436 /PROF/CPU0/EM/REMTotal                159 times
00:00:11.889440 /PROF/CPU0/EM/Total              16634097435 ticks/call ( 16634097435 ticks,       1 times, max 16634097435, min 16634097435)
00:00:11.889445 /PROF/CPU0/VM/Halt/Block          1478320 ns/call (  5512655496 ticks,    3729 times, max  26160508, min       1)
00:00:11.889451 /PROF/CPU0/VM/Halt/BlockInsomnia        0 ns/call (           0 ticks,       0 times, max         0, min      -1)
00:00:11.889455 /PROF/CPU0/VM/Halt/BlockOnTime          0 ns/call (           0 ticks,       0 times, max         0, min      -1)
00:00:11.889459 /PROF/CPU0/VM/Halt/BlockOverslept        0 ns/call (           0 ticks,       0 times, max         0, min      -1)
00:00:11.889464 /PROF/CPU0/VM/Halt/Timers            1894 ns/call (    11275172 ticks,    5951 times, max    822090, min       2)
00:00:11.889468 /PROF/CPU0/VM/Halt/Yield                0 ns/call (           0 ticks,       0 times, max         0, min      -1)
00:00:11.889472 /Public/Net/E1k0/BytesReceived          0 bytes
00:00:11.889475 /Public/Net/E1k0/BytesTransmitted        0 bytes
00:00:11.889478 /REM/TbFlushCount                       0 times
00:00:11.889481 /REM/TbPhysInvldCount                   0 times
00:00:11.889484 /REM/TlbFlushCount                     13 times
00:00:11.889488 /SELM/HyperSels/Changed                 0 times
00:00:11.889491 /SELM/HyperSels/Scan                    0 times
00:00:11.889494 /SELM/LoadHidSel/GstReadErrors          0 times
00:00:11.889497 /SELM/LoadHidSel/NoGoodGuest            0 times
00:00:11.889500 /SELM/UpdateFromCPUM/AlreadyStaleCS        0 times
00:00:11.889503 /SELM/UpdateFromCPUM/AlreadyStaleDS        0 times
00:00:11.889506 /SELM/UpdateFromCPUM/AlreadyStaleES        0 times
00:00:11.889509 /SELM/UpdateFromCPUM/AlreadyStaleFS        0 times
00:00:11.889512 /SELM/UpdateFromCPUM/AlreadyStaleGS        0 times
00:00:11.889516 /SELM/UpdateFromCPUM/AlreadyStaleSS        0 times
00:00:11.889519 /SELM/UpdateFromCPUM/DetectedStaleCS        0 times
00:00:11.889522 /SELM/UpdateFromCPUM/DetectedStaleDS        0 times
00:00:11.889525 /SELM/UpdateFromCPUM/DetectedStaleES        0 times
00:00:11.889528 /SELM/UpdateFromCPUM/DetectedStaleFS        0 times
00:00:11.889531 /SELM/UpdateFromCPUM/DetectedStaleGS        0 times
00:00:11.889534 /SELM/UpdateFromCPUM/DetectedStaleSS        0 times
00:00:11.889537 /SELM/UpdateFromCPUM/StaleToUnstale        0 times
00:00:11.889541 /TM/CPU/00/cNsExecuting          76659368 ns
00:00:11.889544 /TM/CPU/00/cNsHalted             5525323792 ns
00:00:11.889547 /TM/CPU/00/cNsOther              125960064 ns
00:00:11.889551 /TM/CPU/00/cNsTotal              5727943224 ns
00:00:11.889554 /TM/CPU/00/cPeriodsExecuting          159 count
00:00:11.889557 /TM/CPU/00/cPeriodsHalted             166 count
00:00:11.889560 /TM/CPU/00/pctExecuting                 0 %
00:00:11.889564 /TM/CPU/00/pctHalted                  100 %
00:00:11.889567 /TM/CPU/00/pctOther                     0 %
00:00:11.889570 /TM/CPU/pctExecuting                    0 %
00:00:11.889573 /TM/CPU/pctHalted                     100 %
00:00:11.889578 /TM/CPU/pctOther                        0 %
00:00:11.889582 /TM/MaxHzHint                           0 Hz
00:00:11.889586 /TM/R3/1nsSteps                         6 times
00:00:11.889590 /TM/TSC/offCPU0                         0 ticks
00:00:11.889593 /TM/VirtualSync/CurrentOffset           0 ns
00:00:11.889597 /VUSB/0/cUrbsInPool                     0 count
00:00:11.889601 ********************* End of statistics **********************
00:00:11.889737 VUSB: Detached 'HidMouse' from port 1 on RootHub#0
00:00:11.892456 GUI: UIMachineView::sltHandleNotifyChange: Screen=0, Size=720x400
00:00:11.897633 NAT: Zone(nm:mbuf_cluster, used:0)
00:00:11.898415 NAT: Zone(nm:mbuf_packet, used:0)
00:00:11.898422 NAT: Zone(nm:mbuf, used:0)
00:00:11.898689 NAT: Zone(nm:mbuf_jumbo_pagesize, used:0)
00:00:11.899300 NAT: Zone(nm:mbuf_jumbo_9k, used:0)
00:00:11.899834 NAT: Zone(nm:mbuf_jumbo_16k, used:0)
00:00:11.900175 NAT: Zone(nm:mbuf_ext_refcnt, used:0)
00:00:11.900222 E1000#0 Interrupt attempts: 0
00:00:11.900226 E1000#0 Interrupts raised : 0
00:00:11.900228 E1000#0 Interrupts lowered: 0
00:00:11.900230 E1000#0 ICR outside ISR   : 0
00:00:11.900232 E1000#0 IMS raised ints   : 0
00:00:11.900234 E1000#0 Interrupts skipped: 0
00:00:11.900236 E1000#0 Masked interrupts : 0
00:00:11.900239 E1000#0 Early interrupts  : 0
00:00:11.900241 E1000#0 Late interrupts   : 0
00:00:11.900243 E1000#0 Lost interrupts   : 0
00:00:11.900245 E1000#0 Interrupts by RX  : 0
00:00:11.900247 E1000#0 Interrupts by TX  : 0
00:00:11.900249 E1000#0 Interrupts by ICS : 0
00:00:11.900251 E1000#0 Interrupts by RDTR: 0
00:00:11.900253 E1000#0 Interrupts by RDMT: 0
00:00:11.900256 E1000#0 Interrupts by TXQE: 0
00:00:11.900258 E1000#0 TX int delay asked: 0
00:00:11.900261 E1000#0 TX delayed:         0
00:00:11.900263 E1000#0 TX delay expired:   0
00:00:11.900265 E1000#0 TX no report asked: 0
00:00:11.900267 E1000#0 TX abs timer expd : 0
00:00:11.900269 E1000#0 TX int timer expd : 0
00:00:11.900271 E1000#0 RX abs timer expd : 0
00:00:11.900273 E1000#0 RX int timer expd : 0
00:00:11.900276 E1000#0 TX CTX descriptors: 0
00:00:11.900278 E1000#0 TX DAT descriptors: 0
00:00:11.900280 E1000#0 TX LEG descriptors: 0
00:00:11.900282 E1000#0 Received frames   : 0
00:00:11.900284 E1000#0 Transmitted frames: 0
00:00:11.900286 E1000#0 TX frames up to 1514: 0
00:00:11.900289 E1000#0 TX frames up to 2962: 0
00:00:11.900291 E1000#0 TX frames up to 4410: 0
00:00:11.900293 E1000#0 TX frames up to 5858: 0
00:00:11.900295 E1000#0 TX frames up to 7306: 0
00:00:11.900297 E1000#0 TX frames up to 8754: 0
00:00:11.900299 E1000#0 TX frames up to 16384: 0
00:00:11.900302 E1000#0 TX frames up to 32768: 0
00:00:11.900304 E1000#0 Larger TX frames    : 0
00:00:11.900306 E1000#0 Max TX Delay        : 0
00:00:11.901284 GIM: HyperV: Resetting MMIO2 regions and MSRs
00:00:11.901945 Changing the VM state from 'DESTROYING' to 'TERMINATED'
00:00:11.902730 Console: Machine state changed to 'PoweredOff'
00:00:12.518051 GUI: Passing request to close Runtime UI from machine-logic to UI session.
